[0.025s] Invoking command in '/home/laelt/27_05_25.ws/build/Fla': CMAKE_PREFIX_PATH=${CMAKE_PREFIX_PATH}:/home/laelt/install/ament_uncrustify:/home/laelt/install/rpyutils:/home/laelt/install/rosidl_cli:/home/laelt/install/launch_testing:/home/laelt/install/launch_yaml:/home/laelt/install/launch_xml:/home/laelt/install/launch:/home/laelt/install/osrf_pycommon:/home/laelt/install/domain_coordinator:/home/laelt/install/ament_xmllint:/home/laelt/install/ament_pycodestyle:/home/laelt/install/ament_pep257:/home/laelt/install/ament_package:/home/laelt/install/ament_mypy:/home/laelt/install/ament_lint_cmake:/home/laelt/install/ament_flake8:/home/laelt/install/ament_copyright:/home/laelt/install/ament_lint:/home/laelt/install/ament_index_python:/home/laelt/install/ament_cpplint:/home/laelt/install/ament_cppcheck:/home/laelt/install/ament_clang_format:/opt/ros/humble /usr/bin/cmake --build /home/laelt/27_05_25.ws/build/Fla -- -j4 -l4
[0.250s] [100%] Built target cefet
[0.267s] Invoked command in '/home/laelt/27_05_25.ws/build/Fla' returned '0': CMAKE_PREFIX_PATH=${CMAKE_PREFIX_PATH}:/home/laelt/install/ament_uncrustify:/home/laelt/install/rpyutils:/home/laelt/install/rosidl_cli:/home/laelt/install/launch_testing:/home/laelt/install/launch_yaml:/home/laelt/install/launch_xml:/home/laelt/install/launch:/home/laelt/install/osrf_pycommon:/home/laelt/install/domain_coordinator:/home/laelt/install/ament_xmllint:/home/laelt/install/ament_pycodestyle:/home/laelt/install/ament_pep257:/home/laelt/install/ament_package:/home/laelt/install/ament_mypy:/home/laelt/install/ament_lint_cmake:/home/laelt/install/ament_flake8:/home/laelt/install/ament_copyright:/home/laelt/install/ament_lint:/home/laelt/install/ament_index_python:/home/laelt/install/ament_cpplint:/home/laelt/install/ament_cppcheck:/home/laelt/install/ament_clang_format:/opt/ros/humble /usr/bin/cmake --build /home/laelt/27_05_25.ws/build/Fla -- -j4 -l4
[0.283s] Invoking command in '/home/laelt/27_05_25.ws/build/Fla': CMAKE_PREFIX_PATH=${CMAKE_PREFIX_PATH}:/home/laelt/install/ament_uncrustify:/home/laelt/install/rpyutils:/home/laelt/install/rosidl_cli:/home/laelt/install/launch_testing:/home/laelt/install/launch_yaml:/home/laelt/install/launch_xml:/home/laelt/install/launch:/home/laelt/install/osrf_pycommon:/home/laelt/install/domain_coordinator:/home/laelt/install/ament_xmllint:/home/laelt/install/ament_pycodestyle:/home/laelt/install/ament_pep257:/home/laelt/install/ament_package:/home/laelt/install/ament_mypy:/home/laelt/install/ament_lint_cmake:/home/laelt/install/ament_flake8:/home/laelt/install/ament_copyright:/home/laelt/install/ament_lint:/home/laelt/install/ament_index_python:/home/laelt/install/ament_cpplint:/home/laelt/install/ament_cppcheck:/home/laelt/install/ament_clang_format:/opt/ros/humble /usr/bin/cmake --install /home/laelt/27_05_25.ws/build/Fla
[0.294s] -- Install configuration: ""
[0.296s] -- Up-to-date: /home/laelt/27_05_25.ws/install/Fla/share/Fla/launch
[0.296s] -- Up-to-date: /home/laelt/27_05_25.ws/install/Fla/share/Fla/launch/__pycache__
[0.296s] -- Installing: /home/laelt/27_05_25.ws/install/Fla/share/Fla/launch/__pycache__/launch.cpython-310.pyc
[0.296s] -- Installing: /home/laelt/27_05_25.ws/install/Fla/share/Fla/launch/launch.py
[0.297s] -- Up-to-date: /home/laelt/27_05_25.ws/install/Fla/share/Fla/launch/gz_sim.launch.py
[0.297s] -- Up-to-date: /home/laelt/27_05_25.ws/install/Fla/share/Fla/Model
[0.297s] -- Up-to-date: /home/laelt/27_05_25.ws/install/Fla/share/Fla/Model/building_robot.sdf
[0.297s] -- Up-to-date: /home/laelt/27_05_25.ws/install/Fla/share/Fla/Model/building_robot(N FUNCINA).sdf
[0.297s] -- Up-to-date: /home/laelt/27_05_25.ws/install/Fla/share/Fla/Model/building_robot(camera_n_funciona).sdf
[0.297s] -- Up-to-date: /home/laelt/27_05_25.ws/install/Fla/share/Fla/Model/building_robot (copy).sdf
[0.298s] -- Up-to-date: /home/laelt/27_05_25.ws/install/Fla/lib/Fla/cefet
[0.299s] -- Up-to-date: /home/laelt/27_05_25.ws/install/Fla/share/ament_index/resource_index/package_run_dependencies/Fla
[0.299s] -- Up-to-date: /home/laelt/27_05_25.ws/install/Fla/share/ament_index/resource_index/parent_prefix_path/Fla
[0.299s] -- Up-to-date: /home/laelt/27_05_25.ws/install/Fla/share/Fla/environment/ament_prefix_path.sh
[0.299s] -- Up-to-date: /home/laelt/27_05_25.ws/install/Fla/share/Fla/environment/ament_prefix_path.dsv
[0.299s] -- Up-to-date: /home/laelt/27_05_25.ws/install/Fla/share/Fla/environment/path.sh
[0.299s] -- Up-to-date: /home/laelt/27_05_25.ws/install/Fla/share/Fla/environment/path.dsv
[0.299s] -- Up-to-date: /home/laelt/27_05_25.ws/install/Fla/share/Fla/local_setup.bash
[0.299s] -- Up-to-date: /home/laelt/27_05_25.ws/install/Fla/share/Fla/local_setup.sh
[0.299s] -- Up-to-date: /home/laelt/27_05_25.ws/install/Fla/share/Fla/local_setup.zsh
[0.299s] -- Up-to-date: /home/laelt/27_05_25.ws/install/Fla/share/Fla/local_setup.dsv
[0.299s] -- Installing: /home/laelt/27_05_25.ws/install/Fla/share/Fla/package.dsv
[0.300s] -- Up-to-date: /home/laelt/27_05_25.ws/install/Fla/share/ament_index/resource_index/packages/Fla
[0.300s] -- Up-to-date: /home/laelt/27_05_25.ws/install/Fla/share/Fla/cmake/FlaConfig.cmake
[0.300s] -- Up-to-date: /home/laelt/27_05_25.ws/install/Fla/share/Fla/cmake/FlaConfig-version.cmake
[0.300s] -- Up-to-date: /home/laelt/27_05_25.ws/install/Fla/share/Fla/package.xml
[0.302s] Invoked command in '/home/laelt/27_05_25.ws/build/Fla' returned '0': CMAKE_PREFIX_PATH=${CMAKE_PREFIX_PATH}:/home/laelt/install/ament_uncrustify:/home/laelt/install/rpyutils:/home/laelt/install/rosidl_cli:/home/laelt/install/launch_testing:/home/laelt/install/launch_yaml:/home/laelt/install/launch_xml:/home/laelt/install/launch:/home/laelt/install/osrf_pycommon:/home/laelt/install/domain_coordinator:/home/laelt/install/ament_xmllint:/home/laelt/install/ament_pycodestyle:/home/laelt/install/ament_pep257:/home/laelt/install/ament_package:/home/laelt/install/ament_mypy:/home/laelt/install/ament_lint_cmake:/home/laelt/install/ament_flake8:/home/laelt/install/ament_copyright:/home/laelt/install/ament_lint:/home/laelt/install/ament_index_python:/home/laelt/install/ament_cpplint:/home/laelt/install/ament_cppcheck:/home/laelt/install/ament_clang_format:/opt/ros/humble /usr/bin/cmake --install /home/laelt/27_05_25.ws/build/Fla
