[100%] Built target cefet
-- Install configuration: ""
-- Up-to-date: /home/laelt/27_05_25.ws/install/Fla/share/Fla/launch
-- Up-to-date: /home/laelt/27_05_25.ws/install/Fla/share/Fla/launch/__pycache__
-- Up-to-date: /home/laelt/27_05_25.ws/install/Fla/share/Fla/launch/__pycache__/launch.cpython-310.pyc
-- Up-to-date: /home/laelt/27_05_25.ws/install/Fla/share/Fla/launch/launch.py
-- Up-to-date: /home/laelt/27_05_25.ws/install/Fla/share/Fla/Model
-- Up-to-date: /home/laelt/27_05_25.ws/install/Fla/share/Fla/Model/building_robot.sdf
-- Up-to-date: /home/laelt/27_05_25.ws/install/Fla/share/Fla/Model/building_robot(N FUNCINA).sdf
-- Up-to-date: /home/laelt/27_05_25.ws/install/Fla/share/Fla/Model/building_robot (copy).sdf
-- Up-to-date: /home/laelt/27_05_25.ws/install/Fla/lib/Fla/cefet
-- Up-to-date: /home/laelt/27_05_25.ws/install/Fla/share/ament_index/resource_index/package_run_dependencies/Fla
-- Up-to-date: /home/laelt/27_05_25.ws/install/Fla/share/ament_index/resource_index/parent_prefix_path/Fla
-- Up-to-date: /home/laelt/27_05_25.ws/install/Fla/share/Fla/environment/ament_prefix_path.sh
-- Up-to-date: /home/laelt/27_05_25.ws/install/Fla/share/Fla/environment/ament_prefix_path.dsv
-- Up-to-date: /home/laelt/27_05_25.ws/install/Fla/share/Fla/environment/path.sh
-- Up-to-date: /home/laelt/27_05_25.ws/install/Fla/share/Fla/environment/path.dsv
-- Up-to-date: /home/laelt/27_05_25.ws/install/Fla/share/Fla/local_setup.bash
-- Up-to-date: /home/laelt/27_05_25.ws/install/Fla/share/Fla/local_setup.sh
-- Up-to-date: /home/laelt/27_05_25.ws/install/Fla/share/Fla/local_setup.zsh
-- Up-to-date: /home/laelt/27_05_25.ws/install/Fla/share/Fla/local_setup.dsv
-- Installing: /home/laelt/27_05_25.ws/install/Fla/share/Fla/package.dsv
-- Up-to-date: /home/laelt/27_05_25.ws/install/Fla/share/ament_index/resource_index/packages/Fla
-- Up-to-date: /home/laelt/27_05_25.ws/install/Fla/share/Fla/cmake/FlaConfig.cmake
-- Up-to-date: /home/laelt/27_05_25.ws/install/Fla/share/Fla/cmake/FlaConfig-version.cmake
-- Up-to-date: /home/laelt/27_05_25.ws/install/Fla/share/Fla/package.xml
