[0.159s] DEBUG:colcon:Command line arguments: ['/usr/bin/colcon', 'build']
[0.159s] DEBUG:colcon:Parsed command line arguments: Namespace(log_base=None, log_level=None, verb_name='build', build_base='build', install_base='install', merge_install=False, symlink_install=False, test_result_base=None, continue_on_error=False, executor='parallel', parallel_workers=4, event_handlers=None, ignore_user_meta=False, metas=['./colcon.meta'], base_paths=['.'], packages_ignore=None, packages_ignore_regex=None, paths=None, packages_up_to=None, packages_up_to_regex=None, packages_above=None, packages_above_and_dependencies=None, packages_above_depth=None, packages_select_by_dep=None, packages_skip_by_dep=None, packages_skip_up_to=None, packages_select_build_failed=False, packages_skip_build_finished=False, packages_select_test_failures=False, packages_skip_test_passed=False, packages_select=None, packages_skip=None, packages_select_regex=None, packages_skip_regex=None, packages_start=None, packages_end=None, allow_overriding=[], cmake_args=None, cmake_target=None, cmake_target_skip_unavailable=False, cmake_clean_cache=False, cmake_clean_first=False, cmake_force_configure=False, ament_cmake_args=None, catkin_cmake_args=None, catkin_skip_building_tests=False, verb_parser=<colcon_defaults.argument_parser.defaults.DefaultArgumentsDecorator object at 0x71b3c5d24460>, verb_extension=<colcon_core.verb.build.BuildVerb object at 0x71b3c5cef5e0>, main=<bound method BuildVerb.main of <colcon_core.verb.build.BuildVerb object at 0x71b3c5cef5e0>>)
[0.421s] Level 1:colcon.colcon_core.package_discovery:discover_packages(colcon_meta) check parameters
[0.421s] Level 1:colcon.colcon_core.package_discovery:discover_packages(recursive) check parameters
[0.421s] Level 1:colcon.colcon_core.package_discovery:discover_packages(ignore) check parameters
[0.421s] Level 1:colcon.colcon_core.package_discovery:discover_packages(path) check parameters
[0.421s] Level 1:colcon.colcon_core.package_discovery:discover_packages(colcon_meta) discover
[0.421s] Level 1:colcon.colcon_core.package_discovery:discover_packages(recursive) discover
[0.421s] INFO:colcon.colcon_core.package_discovery:Crawling recursively for packages in '/home/laelt/27_05_25.ws/src/Fla'
[0.421s] Level 1:colcon.colcon_core.package_identification:_identify(.) by extensions ['ignore', 'ignore_ament_install']
[0.421s] Level 1:colcon.colcon_core.package_identification:_identify(.) by extension 'ignore'
[0.421s] Level 1:colcon.colcon_core.package_identification:_identify(.) by extension 'ignore_ament_install'
[0.421s] Level 1:colcon.colcon_core.package_identification:_identify(.) by extensions ['colcon_pkg']
[0.421s] Level 1:colcon.colcon_core.package_identification:_identify(.) by extension 'colcon_pkg'
[0.422s] Level 1:colcon.colcon_core.package_identification:_identify(.) by extensions ['colcon_meta']
[0.422s] Level 1:colcon.colcon_core.package_identification:_identify(.) by extension 'colcon_meta'
[0.422s] Level 1:colcon.colcon_core.package_identification:_identify(.) by extensions ['ros']
[0.422s] Level 1:colcon.colcon_core.package_identification:_identify(.) by extension 'ros'
[0.441s] DEBUG:colcon.colcon_core.package_identification:Package '.' with type 'ros.ament_cmake' and name 'Fla'
[0.441s] Level 1:colcon.colcon_core.package_discovery:discover_packages(recursive) using defaults
[0.441s] Level 1:colcon.colcon_core.package_discovery:discover_packages(ignore) discover
[0.441s] Level 1:colcon.colcon_core.package_discovery:discover_packages(ignore) using defaults
[0.441s] Level 1:colcon.colcon_core.package_discovery:discover_packages(path) discover
[0.442s] Level 1:colcon.colcon_core.package_discovery:discover_packages(path) using defaults
[0.482s] Level 1:colcon.colcon_core.package_discovery:discover_packages(prefix_path) check parameters
[0.482s] Level 1:colcon.colcon_core.package_discovery:discover_packages(prefix_path) discover
[0.486s] DEBUG:colcon.colcon_installed_package_information.package_discovery:Found 293 installed packages in /opt/ros/humble
[0.487s] Level 1:colcon.colcon_core.package_discovery:discover_packages(prefix_path) using defaults
[0.531s] Level 5:colcon.colcon_core.verb:set package 'Fla' build argument 'cmake_args' from command line to 'None'
[0.531s] Level 5:colcon.colcon_core.verb:set package 'Fla' build argument 'cmake_target' from command line to 'None'
[0.531s] Level 5:colcon.colcon_core.verb:set package 'Fla' build argument 'cmake_target_skip_unavailable' from command line to 'False'
[0.531s] Level 5:colcon.colcon_core.verb:set package 'Fla' build argument 'cmake_clean_cache' from command line to 'False'
[0.531s] Level 5:colcon.colcon_core.verb:set package 'Fla' build argument 'cmake_clean_first' from command line to 'False'
[0.531s] Level 5:colcon.colcon_core.verb:set package 'Fla' build argument 'cmake_force_configure' from command line to 'False'
[0.531s] Level 5:colcon.colcon_core.verb:set package 'Fla' build argument 'ament_cmake_args' from command line to 'None'
[0.531s] Level 5:colcon.colcon_core.verb:set package 'Fla' build argument 'catkin_cmake_args' from command line to 'None'
[0.531s] Level 5:colcon.colcon_core.verb:set package 'Fla' build argument 'catkin_skip_building_tests' from command line to 'False'
[0.531s] DEBUG:colcon.colcon_core.verb:Building package 'Fla' with the following arguments: {'ament_cmake_args': None, 'build_base': '/home/laelt/27_05_25.ws/src/Fla/build/Fla', 'catkin_cmake_args': None, 'catkin_skip_building_tests': False, 'cmake_args': None, 'cmake_clean_cache': False, 'cmake_clean_first': False, 'cmake_force_configure': False, 'cmake_target': None, 'cmake_target_skip_unavailable': False, 'install_base': '/home/laelt/27_05_25.ws/src/Fla/install/Fla', 'merge_install': False, 'path': '/home/laelt/27_05_25.ws/src/Fla', 'symlink_install': False, 'test_result_base': None}
[0.531s] INFO:colcon.colcon_core.executor:Executing jobs using 'parallel' executor
[0.532s] DEBUG:colcon.colcon_parallel_executor.executor.parallel:run_until_complete
[0.533s] INFO:colcon.colcon_ros.task.ament_cmake.build:Building ROS package in '/home/laelt/27_05_25.ws/src/Fla' with build type 'ament_cmake'
[0.533s] INFO:colcon.colcon_cmake.task.cmake.build:Building CMake package in '/home/laelt/27_05_25.ws/src/Fla'
[0.536s] INFO:colcon.colcon_core.plugin_system:Skipping extension 'colcon_core.shell.bat': Not used on non-Windows systems
[0.536s] INFO:colcon.colcon_core.shell:Skip shell extension 'powershell' for command environment: Not usable outside of PowerShell
[0.536s] DEBUG:colcon.colcon_core.shell:Skip shell extension 'dsv' for command environment
[0.543s] DEBUG:colcon.colcon_core.event_handler.log_command:Invoking command in '/home/laelt/27_05_25.ws/src/Fla/build/Fla': CMAKE_PREFIX_PATH=/opt/ros/humble /usr/bin/cmake /home/laelt/27_05_25.ws/src/Fla -DCMAKE_INSTALL_PREFIX=/home/laelt/27_05_25.ws/src/Fla/install/Fla
[2.489s] DEBUG:colcon.colcon_core.event_handler.log_command:Invoked command in '/home/laelt/27_05_25.ws/src/Fla/build/Fla' returned '0': CMAKE_PREFIX_PATH=/opt/ros/humble /usr/bin/cmake /home/laelt/27_05_25.ws/src/Fla -DCMAKE_INSTALL_PREFIX=/home/laelt/27_05_25.ws/src/Fla/install/Fla
[2.492s] DEBUG:colcon.colcon_core.event_handler.log_command:Invoking command in '/home/laelt/27_05_25.ws/src/Fla/build/Fla': CMAKE_PREFIX_PATH=/opt/ros/humble /usr/bin/cmake --build /home/laelt/27_05_25.ws/src/Fla/build/Fla -- -j4 -l4
[2.646s] DEBUG:colcon.colcon_core.event_handler.log_command:Invoked command in '/home/laelt/27_05_25.ws/src/Fla/build/Fla' returned '0': CMAKE_PREFIX_PATH=/opt/ros/humble /usr/bin/cmake --build /home/laelt/27_05_25.ws/src/Fla/build/Fla -- -j4 -l4
[2.656s] DEBUG:colcon.colcon_core.event_handler.log_command:Invoking command in '/home/laelt/27_05_25.ws/src/Fla/build/Fla': CMAKE_PREFIX_PATH=/opt/ros/humble /usr/bin/cmake --install /home/laelt/27_05_25.ws/src/Fla/build/Fla
[2.672s] Level 1:colcon.colcon_core.environment:create_environment_scripts_only(Fla)
[2.672s] DEBUG:colcon.colcon_core.event_handler.log_command:Invoked command in '/home/laelt/27_05_25.ws/src/Fla/build/Fla' returned '0': CMAKE_PREFIX_PATH=/opt/ros/humble /usr/bin/cmake --install /home/laelt/27_05_25.ws/src/Fla/build/Fla
[2.677s] Level 1:colcon.colcon_core.environment:checking '/home/laelt/27_05_25.ws/src/Fla/install/Fla' for CMake module files
[2.677s] Level 1:colcon.colcon_core.environment:checking '/home/laelt/27_05_25.ws/src/Fla/install/Fla' for CMake config files
[2.677s] Level 1:colcon.colcon_core.shell:create_environment_hook('Fla', 'cmake_prefix_path')
[2.678s] INFO:colcon.colcon_core.shell:Creating environment hook '/home/laelt/27_05_25.ws/src/Fla/install/Fla/share/Fla/hook/cmake_prefix_path.ps1'
[2.679s] INFO:colcon.colcon_core.shell:Creating environment descriptor '/home/laelt/27_05_25.ws/src/Fla/install/Fla/share/Fla/hook/cmake_prefix_path.dsv'
[2.679s] INFO:colcon.colcon_core.shell:Creating environment hook '/home/laelt/27_05_25.ws/src/Fla/install/Fla/share/Fla/hook/cmake_prefix_path.sh'
[2.680s] Level 1:colcon.colcon_core.environment:checking '/home/laelt/27_05_25.ws/src/Fla/install/Fla/lib'
[2.680s] Level 1:colcon.colcon_core.environment:checking '/home/laelt/27_05_25.ws/src/Fla/install/Fla/bin'
[2.680s] Level 1:colcon.colcon_core.environment:checking '/home/laelt/27_05_25.ws/src/Fla/install/Fla/lib/pkgconfig/Fla.pc'
[2.681s] Level 1:colcon.colcon_core.environment:checking '/home/laelt/27_05_25.ws/src/Fla/install/Fla/lib/python3.10/site-packages'
[2.681s] Level 1:colcon.colcon_core.environment:checking '/home/laelt/27_05_25.ws/src/Fla/install/Fla/bin'
[2.681s] INFO:colcon.colcon_core.shell:Creating package script '/home/laelt/27_05_25.ws/src/Fla/install/Fla/share/Fla/package.ps1'
[2.682s] INFO:colcon.colcon_core.shell:Creating package descriptor '/home/laelt/27_05_25.ws/src/Fla/install/Fla/share/Fla/package.dsv'
[2.683s] INFO:colcon.colcon_core.shell:Creating package script '/home/laelt/27_05_25.ws/src/Fla/install/Fla/share/Fla/package.sh'
[2.684s] INFO:colcon.colcon_core.shell:Creating package script '/home/laelt/27_05_25.ws/src/Fla/install/Fla/share/Fla/package.bash'
[2.685s] INFO:colcon.colcon_core.shell:Creating package script '/home/laelt/27_05_25.ws/src/Fla/install/Fla/share/Fla/package.zsh'
[2.685s] Level 1:colcon.colcon_core.environment:create_file_with_runtime_dependencies(/home/laelt/27_05_25.ws/src/Fla/install/Fla/share/colcon-core/packages/Fla)
[2.686s] Level 1:colcon.colcon_core.environment:create_environment_scripts_only(Fla)
[2.686s] Level 1:colcon.colcon_core.environment:checking '/home/laelt/27_05_25.ws/src/Fla/install/Fla' for CMake module files
[2.687s] Level 1:colcon.colcon_core.environment:checking '/home/laelt/27_05_25.ws/src/Fla/install/Fla' for CMake config files
[2.687s] Level 1:colcon.colcon_core.shell:create_environment_hook('Fla', 'cmake_prefix_path')
[2.687s] INFO:colcon.colcon_core.shell:Creating environment hook '/home/laelt/27_05_25.ws/src/Fla/install/Fla/share/Fla/hook/cmake_prefix_path.ps1'
[2.688s] INFO:colcon.colcon_core.shell:Creating environment descriptor '/home/laelt/27_05_25.ws/src/Fla/install/Fla/share/Fla/hook/cmake_prefix_path.dsv'
[2.688s] INFO:colcon.colcon_core.shell:Creating environment hook '/home/laelt/27_05_25.ws/src/Fla/install/Fla/share/Fla/hook/cmake_prefix_path.sh'
[2.688s] Level 1:colcon.colcon_core.environment:checking '/home/laelt/27_05_25.ws/src/Fla/install/Fla/lib'
[2.689s] Level 1:colcon.colcon_core.environment:checking '/home/laelt/27_05_25.ws/src/Fla/install/Fla/bin'
[2.689s] Level 1:colcon.colcon_core.environment:checking '/home/laelt/27_05_25.ws/src/Fla/install/Fla/lib/pkgconfig/Fla.pc'
[2.689s] Level 1:colcon.colcon_core.environment:checking '/home/laelt/27_05_25.ws/src/Fla/install/Fla/lib/python3.10/site-packages'
[2.689s] Level 1:colcon.colcon_core.environment:checking '/home/laelt/27_05_25.ws/src/Fla/install/Fla/bin'
[2.689s] INFO:colcon.colcon_core.shell:Creating package script '/home/laelt/27_05_25.ws/src/Fla/install/Fla/share/Fla/package.ps1'
[2.690s] INFO:colcon.colcon_core.shell:Creating package descriptor '/home/laelt/27_05_25.ws/src/Fla/install/Fla/share/Fla/package.dsv'
[2.690s] INFO:colcon.colcon_core.shell:Creating package script '/home/laelt/27_05_25.ws/src/Fla/install/Fla/share/Fla/package.sh'
[2.691s] INFO:colcon.colcon_core.shell:Creating package script '/home/laelt/27_05_25.ws/src/Fla/install/Fla/share/Fla/package.bash'
[2.691s] INFO:colcon.colcon_core.shell:Creating package script '/home/laelt/27_05_25.ws/src/Fla/install/Fla/share/Fla/package.zsh'
[2.692s] Level 1:colcon.colcon_core.environment:create_file_with_runtime_dependencies(/home/laelt/27_05_25.ws/src/Fla/install/Fla/share/colcon-core/packages/Fla)
[2.692s] DEBUG:colcon.colcon_parallel_executor.executor.parallel:closing loop
[2.692s] DEBUG:colcon.colcon_parallel_executor.executor.parallel:loop closed
[2.692s] DEBUG:colcon.colcon_parallel_executor.executor.parallel:run_until_complete finished with '0'
[2.692s] DEBUG:colcon.colcon_core.event_reactor:joining thread
[2.699s] INFO:colcon.colcon_core.plugin_system:Skipping extension 'colcon_notification.desktop_notification.terminal_notifier': Not used on non-Darwin systems
[2.699s] INFO:colcon.colcon_core.plugin_system:Skipping extension 'colcon_notification.desktop_notification.win32': Not used on non-Windows systems
[2.699s] INFO:colcon.colcon_notification.desktop_notification:Sending desktop notification using 'notify2'
[2.723s] DEBUG:colcon.colcon_core.event_reactor:joined thread
[2.724s] INFO:colcon.colcon_core.shell:Creating prefix script '/home/laelt/27_05_25.ws/src/Fla/install/local_setup.ps1'
[2.725s] INFO:colcon.colcon_core.shell:Creating prefix util module '/home/laelt/27_05_25.ws/src/Fla/install/_local_setup_util_ps1.py'
[2.727s] INFO:colcon.colcon_core.shell:Creating prefix chain script '/home/laelt/27_05_25.ws/src/Fla/install/setup.ps1'
[2.728s] INFO:colcon.colcon_core.shell:Creating prefix script '/home/laelt/27_05_25.ws/src/Fla/install/local_setup.sh'
[2.729s] INFO:colcon.colcon_core.shell:Creating prefix util module '/home/laelt/27_05_25.ws/src/Fla/install/_local_setup_util_sh.py'
[2.730s] INFO:colcon.colcon_core.shell:Creating prefix chain script '/home/laelt/27_05_25.ws/src/Fla/install/setup.sh'
[2.731s] INFO:colcon.colcon_core.shell:Creating prefix script '/home/laelt/27_05_25.ws/src/Fla/install/local_setup.bash'
[2.732s] INFO:colcon.colcon_core.shell:Creating prefix chain script '/home/laelt/27_05_25.ws/src/Fla/install/setup.bash'
[2.733s] INFO:colcon.colcon_core.shell:Creating prefix script '/home/laelt/27_05_25.ws/src/Fla/install/local_setup.zsh'
[2.734s] INFO:colcon.colcon_core.shell:Creating prefix chain script '/home/laelt/27_05_25.ws/src/Fla/install/setup.zsh'
