[0.160s] DEBUG:colcon:Command line arguments: ['/usr/bin/colcon', 'build']
[0.160s] DEBUG:colcon:Parsed command line arguments: Namespace(log_base=None, log_level=None, verb_name='build', build_base='build', install_base='install', merge_install=False, symlink_install=False, test_result_base=None, continue_on_error=False, executor='parallel', parallel_workers=4, event_handlers=None, ignore_user_meta=False, metas=['./colcon.meta'], base_paths=['.'], packages_ignore=None, packages_ignore_regex=None, paths=None, packages_up_to=None, packages_up_to_regex=None, packages_above=None, packages_above_and_dependencies=None, packages_above_depth=None, packages_select_by_dep=None, packages_skip_by_dep=None, packages_skip_up_to=None, packages_select_build_failed=False, packages_skip_build_finished=False, packages_select_test_failures=False, packages_skip_test_passed=False, packages_select=None, packages_skip=None, packages_select_regex=None, packages_skip_regex=None, packages_start=None, packages_end=None, allow_overriding=[], cmake_args=None, cmake_target=None, cmake_target_skip_unavailable=False, cmake_clean_cache=False, cmake_clean_first=False, cmake_force_configure=False, ament_cmake_args=None, catkin_cmake_args=None, catkin_skip_building_tests=False, verb_parser=<colcon_defaults.argument_parser.defaults.DefaultArgumentsDecorator object at 0x7b71ae741960>, verb_extension=<colcon_core.verb.build.BuildVerb object at 0x7b71ae740b20>, main=<bound method BuildVerb.main of <colcon_core.verb.build.BuildVerb object at 0x7b71ae740b20>>)
[0.475s] Level 1:colcon.colcon_core.package_discovery:discover_packages(colcon_meta) check parameters
[0.475s] Level 1:colcon.colcon_core.package_discovery:discover_packages(recursive) check parameters
[0.475s] Level 1:colcon.colcon_core.package_discovery:discover_packages(ignore) check parameters
[0.476s] Level 1:colcon.colcon_core.package_discovery:discover_packages(path) check parameters
[0.476s] Level 1:colcon.colcon_core.package_discovery:discover_packages(colcon_meta) discover
[0.476s] Level 1:colcon.colcon_core.package_discovery:discover_packages(recursive) discover
[0.476s] INFO:colcon.colcon_core.package_discovery:Crawling recursively for packages in '/home/laelt/27_05_25.ws'
[0.476s] Level 1:colcon.colcon_core.package_identification:_identify(.) by extensions ['ignore', 'ignore_ament_install']
[0.476s] Level 1:colcon.colcon_core.package_identification:_identify(.) by extension 'ignore'
[0.476s] Level 1:colcon.colcon_core.package_identification:_identify(.) by extension 'ignore_ament_install'
[0.476s] Level 1:colcon.colcon_core.package_identification:_identify(.) by extensions ['colcon_pkg']
[0.476s] Level 1:colcon.colcon_core.package_identification:_identify(.) by extension 'colcon_pkg'
[0.476s] Level 1:colcon.colcon_core.package_identification:_identify(.) by extensions ['colcon_meta']
[0.476s] Level 1:colcon.colcon_core.package_identification:_identify(.) by extension 'colcon_meta'
[0.476s] Level 1:colcon.colcon_core.package_identification:_identify(.) by extensions ['ros']
[0.476s] Level 1:colcon.colcon_core.package_identification:_identify(.) by extension 'ros'
[0.490s] Level 1:colcon.colcon_core.package_identification:_identify(.) by extensions ['cmake', 'python']
[0.490s] Level 1:colcon.colcon_core.package_identification:_identify(.) by extension 'cmake'
[0.490s] Level 1:colcon.colcon_core.package_identification:_identify(.) by extension 'python'
[0.490s] Level 1:colcon.colcon_core.package_identification:_identify(.) by extensions ['python_setup_py']
[0.490s] Level 1:colcon.colcon_core.package_identification:_identify(.) by extension 'python_setup_py'
[0.490s] Level 1:colcon.colcon_core.package_identification:_identify(build) by extensions ['ignore', 'ignore_ament_install']
[0.491s] Level 1:colcon.colcon_core.package_identification:_identify(build) by extension 'ignore'
[0.491s] Level 1:colcon.colcon_core.package_identification:_identify(build) ignored
[0.491s] Level 1:colcon.colcon_core.package_identification:_identify(install) by extensions ['ignore', 'ignore_ament_install']
[0.491s] Level 1:colcon.colcon_core.package_identification:_identify(install) by extension 'ignore'
[0.491s] Level 1:colcon.colcon_core.package_identification:_identify(install) ignored
[0.491s] Level 1:colcon.colcon_core.package_identification:_identify(log) by extensions ['ignore', 'ignore_ament_install']
[0.491s] Level 1:colcon.colcon_core.package_identification:_identify(log) by extension 'ignore'
[0.491s] Level 1:colcon.colcon_core.package_identification:_identify(log) ignored
[0.492s] Level 1:colcon.colcon_core.package_identification:_identify(src) by extensions ['ignore', 'ignore_ament_install']
[0.492s] Level 1:colcon.colcon_core.package_identification:_identify(src) by extension 'ignore'
[0.492s] Level 1:colcon.colcon_core.package_identification:_identify(src) by extension 'ignore_ament_install'
[0.492s] Level 1:colcon.colcon_core.package_identification:_identify(src) by extensions ['colcon_pkg']
[0.492s] Level 1:colcon.colcon_core.package_identification:_identify(src) by extension 'colcon_pkg'
[0.492s] Level 1:colcon.colcon_core.package_identification:_identify(src) by extensions ['colcon_meta']
[0.492s] Level 1:colcon.colcon_core.package_identification:_identify(src) by extension 'colcon_meta'
[0.492s] Level 1:colcon.colcon_core.package_identification:_identify(src) by extensions ['ros']
[0.492s] Level 1:colcon.colcon_core.package_identification:_identify(src) by extension 'ros'
[0.492s] Level 1:colcon.colcon_core.package_identification:_identify(src) by extensions ['cmake', 'python']
[0.492s] Level 1:colcon.colcon_core.package_identification:_identify(src) by extension 'cmake'
[0.492s] Level 1:colcon.colcon_core.package_identification:_identify(src) by extension 'python'
[0.492s] Level 1:colcon.colcon_core.package_identification:_identify(src) by extensions ['python_setup_py']
[0.492s] Level 1:colcon.colcon_core.package_identification:_identify(src) by extension 'python_setup_py'
[0.492s] Level 1:colcon.colcon_core.package_identification:_identify(src/Fla) by extensions ['ignore', 'ignore_ament_install']
[0.493s] Level 1:colcon.colcon_core.package_identification:_identify(src/Fla) by extension 'ignore'
[0.493s] Level 1:colcon.colcon_core.package_identification:_identify(src/Fla) by extension 'ignore_ament_install'
[0.493s] Level 1:colcon.colcon_core.package_identification:_identify(src/Fla) by extensions ['colcon_pkg']
[0.493s] Level 1:colcon.colcon_core.package_identification:_identify(src/Fla) by extension 'colcon_pkg'
[0.493s] Level 1:colcon.colcon_core.package_identification:_identify(src/Fla) by extensions ['colcon_meta']
[0.493s] Level 1:colcon.colcon_core.package_identification:_identify(src/Fla) by extension 'colcon_meta'
[0.493s] Level 1:colcon.colcon_core.package_identification:_identify(src/Fla) by extensions ['ros']
[0.493s] Level 1:colcon.colcon_core.package_identification:_identify(src/Fla) by extension 'ros'
[0.496s] DEBUG:colcon.colcon_core.package_identification:Package 'src/Fla' with type 'ros.ament_cmake' and name 'Fla'
[0.496s] Level 1:colcon.colcon_core.package_discovery:discover_packages(recursive) using defaults
[0.496s] Level 1:colcon.colcon_core.package_discovery:discover_packages(ignore) discover
[0.496s] Level 1:colcon.colcon_core.package_discovery:discover_packages(ignore) using defaults
[0.496s] Level 1:colcon.colcon_core.package_discovery:discover_packages(path) discover
[0.496s] Level 1:colcon.colcon_core.package_discovery:discover_packages(path) using defaults
[0.536s] Level 1:colcon.colcon_core.package_discovery:discover_packages(prefix_path) check parameters
[0.536s] Level 1:colcon.colcon_core.package_discovery:discover_packages(prefix_path) discover
[0.543s] DEBUG:colcon.colcon_installed_package_information.package_discovery:Found 1 installed packages in /home/laelt/27_05_25.ws/install
[0.546s] DEBUG:colcon.colcon_installed_package_information.package_discovery:Found 103 installed packages in /home/laelt/install
[0.549s] DEBUG:colcon.colcon_installed_package_information.package_discovery:Found 293 installed packages in /opt/ros/humble
[0.554s] Level 1:colcon.colcon_core.package_discovery:discover_packages(prefix_path) using defaults
[0.631s] Level 5:colcon.colcon_core.verb:set package 'Fla' build argument 'cmake_args' from command line to 'None'
[0.632s] Level 5:colcon.colcon_core.verb:set package 'Fla' build argument 'cmake_target' from command line to 'None'
[0.632s] Level 5:colcon.colcon_core.verb:set package 'Fla' build argument 'cmake_target_skip_unavailable' from command line to 'False'
[0.632s] Level 5:colcon.colcon_core.verb:set package 'Fla' build argument 'cmake_clean_cache' from command line to 'False'
[0.632s] Level 5:colcon.colcon_core.verb:set package 'Fla' build argument 'cmake_clean_first' from command line to 'False'
[0.632s] Level 5:colcon.colcon_core.verb:set package 'Fla' build argument 'cmake_force_configure' from command line to 'False'
[0.632s] Level 5:colcon.colcon_core.verb:set package 'Fla' build argument 'ament_cmake_args' from command line to 'None'
[0.632s] Level 5:colcon.colcon_core.verb:set package 'Fla' build argument 'catkin_cmake_args' from command line to 'None'
[0.632s] Level 5:colcon.colcon_core.verb:set package 'Fla' build argument 'catkin_skip_building_tests' from command line to 'False'
[0.632s] DEBUG:colcon.colcon_core.verb:Building package 'Fla' with the following arguments: {'ament_cmake_args': None, 'build_base': '/home/laelt/27_05_25.ws/build/Fla', 'catkin_cmake_args': None, 'catkin_skip_building_tests': False, 'cmake_args': None, 'cmake_clean_cache': False, 'cmake_clean_first': False, 'cmake_force_configure': False, 'cmake_target': None, 'cmake_target_skip_unavailable': False, 'install_base': '/home/laelt/27_05_25.ws/install/Fla', 'merge_install': False, 'path': '/home/laelt/27_05_25.ws/src/Fla', 'symlink_install': False, 'test_result_base': None}
[0.632s] INFO:colcon.colcon_core.executor:Executing jobs using 'parallel' executor
[0.633s] DEBUG:colcon.colcon_parallel_executor.executor.parallel:run_until_complete
[0.633s] INFO:colcon.colcon_ros.task.ament_cmake.build:Building ROS package in '/home/laelt/27_05_25.ws/src/Fla' with build type 'ament_cmake'
[0.633s] INFO:colcon.colcon_cmake.task.cmake.build:Building CMake package in '/home/laelt/27_05_25.ws/src/Fla'
[0.637s] INFO:colcon.colcon_core.plugin_system:Skipping extension 'colcon_core.shell.bat': Not used on non-Windows systems
[0.637s] INFO:colcon.colcon_core.shell:Skip shell extension 'powershell' for command environment: Not usable outside of PowerShell
[0.637s] DEBUG:colcon.colcon_core.shell:Skip shell extension 'dsv' for command environment
[0.657s] DEBUG:colcon.colcon_core.event_handler.log_command:Invoking command in '/home/laelt/27_05_25.ws/build/Fla': CMAKE_PREFIX_PATH=${CMAKE_PREFIX_PATH}:/home/laelt/install/ament_uncrustify:/home/laelt/install/rpyutils:/home/laelt/install/rosidl_cli:/home/laelt/install/launch_testing:/home/laelt/install/launch_yaml:/home/laelt/install/launch_xml:/home/laelt/install/launch:/home/laelt/install/osrf_pycommon:/home/laelt/install/domain_coordinator:/home/laelt/install/ament_xmllint:/home/laelt/install/ament_pycodestyle:/home/laelt/install/ament_pep257:/home/laelt/install/ament_package:/home/laelt/install/ament_mypy:/home/laelt/install/ament_lint_cmake:/home/laelt/install/ament_flake8:/home/laelt/install/ament_copyright:/home/laelt/install/ament_lint:/home/laelt/install/ament_index_python:/home/laelt/install/ament_cpplint:/home/laelt/install/ament_cppcheck:/home/laelt/install/ament_clang_format:/opt/ros/humble /usr/bin/cmake --build /home/laelt/27_05_25.ws/build/Fla -- -j4 -l4
[0.750s] DEBUG:colcon.colcon_core.event_handler.log_command:Invoked command in '/home/laelt/27_05_25.ws/build/Fla' returned '0': CMAKE_PREFIX_PATH=${CMAKE_PREFIX_PATH}:/home/laelt/install/ament_uncrustify:/home/laelt/install/rpyutils:/home/laelt/install/rosidl_cli:/home/laelt/install/launch_testing:/home/laelt/install/launch_yaml:/home/laelt/install/launch_xml:/home/laelt/install/launch:/home/laelt/install/osrf_pycommon:/home/laelt/install/domain_coordinator:/home/laelt/install/ament_xmllint:/home/laelt/install/ament_pycodestyle:/home/laelt/install/ament_pep257:/home/laelt/install/ament_package:/home/laelt/install/ament_mypy:/home/laelt/install/ament_lint_cmake:/home/laelt/install/ament_flake8:/home/laelt/install/ament_copyright:/home/laelt/install/ament_lint:/home/laelt/install/ament_index_python:/home/laelt/install/ament_cpplint:/home/laelt/install/ament_cppcheck:/home/laelt/install/ament_clang_format:/opt/ros/humble /usr/bin/cmake --build /home/laelt/27_05_25.ws/build/Fla -- -j4 -l4
[0.765s] DEBUG:colcon.colcon_core.event_handler.log_command:Invoking command in '/home/laelt/27_05_25.ws/build/Fla': CMAKE_PREFIX_PATH=${CMAKE_PREFIX_PATH}:/home/laelt/install/ament_uncrustify:/home/laelt/install/rpyutils:/home/laelt/install/rosidl_cli:/home/laelt/install/launch_testing:/home/laelt/install/launch_yaml:/home/laelt/install/launch_xml:/home/laelt/install/launch:/home/laelt/install/osrf_pycommon:/home/laelt/install/domain_coordinator:/home/laelt/install/ament_xmllint:/home/laelt/install/ament_pycodestyle:/home/laelt/install/ament_pep257:/home/laelt/install/ament_package:/home/laelt/install/ament_mypy:/home/laelt/install/ament_lint_cmake:/home/laelt/install/ament_flake8:/home/laelt/install/ament_copyright:/home/laelt/install/ament_lint:/home/laelt/install/ament_index_python:/home/laelt/install/ament_cpplint:/home/laelt/install/ament_cppcheck:/home/laelt/install/ament_clang_format:/opt/ros/humble /usr/bin/cmake --install /home/laelt/27_05_25.ws/build/Fla
[0.779s] Level 1:colcon.colcon_core.environment:create_environment_scripts_only(Fla)
[0.779s] DEBUG:colcon.colcon_core.event_handler.log_command:Invoked command in '/home/laelt/27_05_25.ws/build/Fla' returned '0': CMAKE_PREFIX_PATH=${CMAKE_PREFIX_PATH}:/home/laelt/install/ament_uncrustify:/home/laelt/install/rpyutils:/home/laelt/install/rosidl_cli:/home/laelt/install/launch_testing:/home/laelt/install/launch_yaml:/home/laelt/install/launch_xml:/home/laelt/install/launch:/home/laelt/install/osrf_pycommon:/home/laelt/install/domain_coordinator:/home/laelt/install/ament_xmllint:/home/laelt/install/ament_pycodestyle:/home/laelt/install/ament_pep257:/home/laelt/install/ament_package:/home/laelt/install/ament_mypy:/home/laelt/install/ament_lint_cmake:/home/laelt/install/ament_flake8:/home/laelt/install/ament_copyright:/home/laelt/install/ament_lint:/home/laelt/install/ament_index_python:/home/laelt/install/ament_cpplint:/home/laelt/install/ament_cppcheck:/home/laelt/install/ament_clang_format:/opt/ros/humble /usr/bin/cmake --install /home/laelt/27_05_25.ws/build/Fla
[0.784s] Level 1:colcon.colcon_core.environment:checking '/home/laelt/27_05_25.ws/install/Fla' for CMake module files
[0.784s] Level 1:colcon.colcon_core.environment:checking '/home/laelt/27_05_25.ws/install/Fla' for CMake config files
[0.785s] Level 1:colcon.colcon_core.shell:create_environment_hook('Fla', 'cmake_prefix_path')
[0.785s] INFO:colcon.colcon_core.shell:Creating environment hook '/home/laelt/27_05_25.ws/install/Fla/share/Fla/hook/cmake_prefix_path.ps1'
[0.786s] INFO:colcon.colcon_core.shell:Creating environment descriptor '/home/laelt/27_05_25.ws/install/Fla/share/Fla/hook/cmake_prefix_path.dsv'
[0.786s] INFO:colcon.colcon_core.shell:Creating environment hook '/home/laelt/27_05_25.ws/install/Fla/share/Fla/hook/cmake_prefix_path.sh'
[0.787s] Level 1:colcon.colcon_core.environment:checking '/home/laelt/27_05_25.ws/install/Fla/lib'
[0.787s] Level 1:colcon.colcon_core.environment:checking '/home/laelt/27_05_25.ws/install/Fla/bin'
[0.787s] Level 1:colcon.colcon_core.environment:checking '/home/laelt/27_05_25.ws/install/Fla/lib/pkgconfig/Fla.pc'
[0.788s] Level 1:colcon.colcon_core.environment:checking '/home/laelt/27_05_25.ws/install/Fla/lib/python3.10/site-packages'
[0.788s] Level 1:colcon.colcon_core.environment:checking '/home/laelt/27_05_25.ws/install/Fla/bin'
[0.788s] INFO:colcon.colcon_core.shell:Creating package script '/home/laelt/27_05_25.ws/install/Fla/share/Fla/package.ps1'
[0.789s] INFO:colcon.colcon_core.shell:Creating package descriptor '/home/laelt/27_05_25.ws/install/Fla/share/Fla/package.dsv'
[0.790s] INFO:colcon.colcon_core.shell:Creating package script '/home/laelt/27_05_25.ws/install/Fla/share/Fla/package.sh'
[0.790s] INFO:colcon.colcon_core.shell:Creating package script '/home/laelt/27_05_25.ws/install/Fla/share/Fla/package.bash'
[0.791s] INFO:colcon.colcon_core.shell:Creating package script '/home/laelt/27_05_25.ws/install/Fla/share/Fla/package.zsh'
[0.792s] Level 1:colcon.colcon_core.environment:create_file_with_runtime_dependencies(/home/laelt/27_05_25.ws/install/Fla/share/colcon-core/packages/Fla)
[0.793s] Level 1:colcon.colcon_core.environment:create_environment_scripts_only(Fla)
[0.793s] Level 1:colcon.colcon_core.environment:checking '/home/laelt/27_05_25.ws/install/Fla' for CMake module files
[0.793s] Level 1:colcon.colcon_core.environment:checking '/home/laelt/27_05_25.ws/install/Fla' for CMake config files
[0.794s] Level 1:colcon.colcon_core.shell:create_environment_hook('Fla', 'cmake_prefix_path')
[0.794s] INFO:colcon.colcon_core.shell:Creating environment hook '/home/laelt/27_05_25.ws/install/Fla/share/Fla/hook/cmake_prefix_path.ps1'
[0.794s] INFO:colcon.colcon_core.shell:Creating environment descriptor '/home/laelt/27_05_25.ws/install/Fla/share/Fla/hook/cmake_prefix_path.dsv'
[0.795s] INFO:colcon.colcon_core.shell:Creating environment hook '/home/laelt/27_05_25.ws/install/Fla/share/Fla/hook/cmake_prefix_path.sh'
[0.795s] Level 1:colcon.colcon_core.environment:checking '/home/laelt/27_05_25.ws/install/Fla/lib'
[0.796s] Level 1:colcon.colcon_core.environment:checking '/home/laelt/27_05_25.ws/install/Fla/bin'
[0.796s] Level 1:colcon.colcon_core.environment:checking '/home/laelt/27_05_25.ws/install/Fla/lib/pkgconfig/Fla.pc'
[0.796s] Level 1:colcon.colcon_core.environment:checking '/home/laelt/27_05_25.ws/install/Fla/lib/python3.10/site-packages'
[0.796s] Level 1:colcon.colcon_core.environment:checking '/home/laelt/27_05_25.ws/install/Fla/bin'
[0.797s] INFO:colcon.colcon_core.shell:Creating package script '/home/laelt/27_05_25.ws/install/Fla/share/Fla/package.ps1'
[0.797s] INFO:colcon.colcon_core.shell:Creating package descriptor '/home/laelt/27_05_25.ws/install/Fla/share/Fla/package.dsv'
[0.798s] INFO:colcon.colcon_core.shell:Creating package script '/home/laelt/27_05_25.ws/install/Fla/share/Fla/package.sh'
[0.799s] INFO:colcon.colcon_core.shell:Creating package script '/home/laelt/27_05_25.ws/install/Fla/share/Fla/package.bash'
[0.799s] INFO:colcon.colcon_core.shell:Creating package script '/home/laelt/27_05_25.ws/install/Fla/share/Fla/package.zsh'
[0.800s] Level 1:colcon.colcon_core.environment:create_file_with_runtime_dependencies(/home/laelt/27_05_25.ws/install/Fla/share/colcon-core/packages/Fla)
[0.800s] DEBUG:colcon.colcon_parallel_executor.executor.parallel:closing loop
[0.800s] DEBUG:colcon.colcon_parallel_executor.executor.parallel:loop closed
[0.800s] DEBUG:colcon.colcon_parallel_executor.executor.parallel:run_until_complete finished with '0'
[0.801s] DEBUG:colcon.colcon_core.event_reactor:joining thread
[0.807s] INFO:colcon.colcon_core.plugin_system:Skipping extension 'colcon_notification.desktop_notification.terminal_notifier': Not used on non-Darwin systems
[0.807s] INFO:colcon.colcon_core.plugin_system:Skipping extension 'colcon_notification.desktop_notification.win32': Not used on non-Windows systems
[0.807s] INFO:colcon.colcon_notification.desktop_notification:Sending desktop notification using 'notify2'
[0.820s] DEBUG:colcon.colcon_core.event_reactor:joined thread
[0.821s] INFO:colcon.colcon_core.shell:Creating prefix script '/home/laelt/27_05_25.ws/install/local_setup.ps1'
[0.822s] INFO:colcon.colcon_core.shell:Creating prefix util module '/home/laelt/27_05_25.ws/install/_local_setup_util_ps1.py'
[0.826s] INFO:colcon.colcon_core.shell:Creating prefix chain script '/home/laelt/27_05_25.ws/install/setup.ps1'
[0.832s] INFO:colcon.colcon_core.shell:Creating prefix script '/home/laelt/27_05_25.ws/install/local_setup.sh'
[0.833s] INFO:colcon.colcon_core.shell:Creating prefix util module '/home/laelt/27_05_25.ws/install/_local_setup_util_sh.py'
[0.833s] INFO:colcon.colcon_core.shell:Creating prefix chain script '/home/laelt/27_05_25.ws/install/setup.sh'
[0.839s] INFO:colcon.colcon_core.shell:Creating prefix script '/home/laelt/27_05_25.ws/install/local_setup.bash'
[0.840s] INFO:colcon.colcon_core.shell:Creating prefix chain script '/home/laelt/27_05_25.ws/install/setup.bash'
[0.845s] INFO:colcon.colcon_core.shell:Creating prefix script '/home/laelt/27_05_25.ws/install/local_setup.zsh'
[0.846s] INFO:colcon.colcon_core.shell:Creating prefix chain script '/home/laelt/27_05_25.ws/install/setup.zsh'
