-- The C compiler identification is GNU 11.4.0
-- The CXX compiler identification is GNU 11.4.0
-- Detecting C compiler ABI info
-- Detecting C compiler ABI info - done
-- Check for working C compiler: /usr/bin/cc - skipped
-- Detecting C compile features
-- Detecting C compile features - done
-- Detecting CXX compiler ABI info
-- Detecting CXX compiler ABI info - done
-- Check for working CXX compiler: /usr/bin/c++ - skipped
-- Detecting CXX compile features
-- Detecting CXX compile features - done
-- Found ament_cmake: 1.3.11 (/opt/ros/humble/share/ament_cmake/cmake)
-- Found Python3: /usr/bin/python3 (found version "3.10.12") found components: Interpreter 
-- Found gazebo_ros_pkgs: 3.9.0 (/opt/ros/humble/share/gazebo_ros_pkgs/cmake)
-- Found rclcpp: 16.0.12 (/opt/ros/humble/share/rclcpp/cmake)
-- Found rosidl_generator_c: 3.1.6 (/opt/ros/humble/share/rosidl_generator_c/cmake)
-- Found rosidl_adapter: 3.1.6 (/opt/ros/humble/share/rosidl_adapter/cmake)
-- Found rosidl_generator_cpp: 3.1.6 (/opt/ros/humble/share/rosidl_generator_cpp/cmake)
-- Using all available rosidl_typesupport_c: rosidl_typesupport_fastrtps_c;rosidl_typesupport_introspection_c
-- Using all available rosidl_typesupport_cpp: rosidl_typesupport_fastrtps_cpp;rosidl_typesupport_introspection_cpp
-- Found rmw_implementation_cmake: 6.1.2 (/opt/ros/humble/share/rmw_implementation_cmake/cmake)
-- Found rmw_fastrtps_cpp: 6.2.7 (/opt/ros/humble/share/rmw_fastrtps_cpp/cmake)
-- Found OpenSSL: /usr/lib/x86_64-linux-gnu/libcrypto.so (found version "3.0.2")  
-- Found FastRTPS: /opt/ros/humble/include  
-- Using RMW implementation 'rmw_fastrtps_cpp' as default
-- Looking for pthread.h
-- Looking for pthread.h - found
-- Performing Test CMAKE_HAVE_LIBC_PTHREAD
-- Performing Test CMAKE_HAVE_LIBC_PTHREAD - Success
-- Found Threads: TRUE  
-- Found geometry_msgs: 4.8.0 (/opt/ros/humble/share/geometry_msgs/cmake)
-- Found sensor_msgs: 4.8.0 (/opt/ros/humble/share/sensor_msgs/cmake)
-- Found ament_lint_auto: 0.12.12 (/opt/ros/humble/share/ament_lint_auto/cmake)
-- Added test 'cppcheck' to perform static code analysis on C / C++ code
-- Configured cppcheck include dirs: $<BUILD_INTERFACE:/home/laelt/27_05_25.ws/src/Fla/include>
-- Configured cppcheck exclude dirs and/or files: 
-- Added test 'flake8' to check Python code syntax and style conventions
-- Added test 'lint_cmake' to check CMake code style
-- Added test 'pep257' to check Python code against some of the docstring style conventions in PEP 257
-- Added test 'uncrustify' to check C / C++ code style
-- Configured uncrustify additional arguments: 
-- Added test 'xmllint' to check XML markup files
-- Configuring done
-- Generating done
-- Build files have been written to: /home/laelt/27_05_25.ws/src/Fla/build/Fla
[ 50%] [32mBuilding CXX object CMakeFiles/cefet.dir/src/cefet.cpp.o[0m
[100%] [32m[1mLinking CXX executable cefet[0m
[100%] Built target cefet
-- Install configuration: ""
-- Installing: /home/laelt/27_05_25.ws/src/Fla/install/Fla/share/Fla/launch
-- Installing: /home/laelt/27_05_25.ws/src/Fla/install/Fla/share/Fla/launch/__pycache__
-- Installing: /home/laelt/27_05_25.ws/src/Fla/install/Fla/share/Fla/launch/__pycache__/launch.cpython-310.pyc
-- Installing: /home/laelt/27_05_25.ws/src/Fla/install/Fla/share/Fla/launch/launch.py
-- Installing: /home/laelt/27_05_25.ws/src/Fla/install/Fla/share/Fla/launch/gz_sim.launch.py
-- Installing: /home/laelt/27_05_25.ws/src/Fla/install/Fla/share/Fla/Model
-- Installing: /home/laelt/27_05_25.ws/src/Fla/install/Fla/share/Fla/Model/building_robot.sdf
-- Installing: /home/laelt/27_05_25.ws/src/Fla/install/Fla/share/Fla/Model/building_robot(N FUNCINA).sdf
-- Installing: /home/laelt/27_05_25.ws/src/Fla/install/Fla/share/Fla/Model/building_robot(camera_n_funciona).sdf
-- Installing: /home/laelt/27_05_25.ws/src/Fla/install/Fla/share/Fla/Model/building_robot (copy).sdf
-- Installing: /home/laelt/27_05_25.ws/src/Fla/install/Fla/lib/Fla/cefet
-- Installing: /home/laelt/27_05_25.ws/src/Fla/install/Fla/share/ament_index/resource_index/package_run_dependencies/Fla
-- Installing: /home/laelt/27_05_25.ws/src/Fla/install/Fla/share/ament_index/resource_index/parent_prefix_path/Fla
-- Installing: /home/laelt/27_05_25.ws/src/Fla/install/Fla/share/Fla/environment/ament_prefix_path.sh
-- Installing: /home/laelt/27_05_25.ws/src/Fla/install/Fla/share/Fla/environment/ament_prefix_path.dsv
-- Installing: /home/laelt/27_05_25.ws/src/Fla/install/Fla/share/Fla/environment/path.sh
-- Installing: /home/laelt/27_05_25.ws/src/Fla/install/Fla/share/Fla/environment/path.dsv
-- Installing: /home/laelt/27_05_25.ws/src/Fla/install/Fla/share/Fla/local_setup.bash
-- Installing: /home/laelt/27_05_25.ws/src/Fla/install/Fla/share/Fla/local_setup.sh
-- Installing: /home/laelt/27_05_25.ws/src/Fla/install/Fla/share/Fla/local_setup.zsh
-- Installing: /home/laelt/27_05_25.ws/src/Fla/install/Fla/share/Fla/local_setup.dsv
-- Installing: /home/laelt/27_05_25.ws/src/Fla/install/Fla/share/Fla/package.dsv
-- Installing: /home/laelt/27_05_25.ws/src/Fla/install/Fla/share/ament_index/resource_index/packages/Fla
-- Installing: /home/laelt/27_05_25.ws/src/Fla/install/Fla/share/Fla/cmake/FlaConfig.cmake
-- Installing: /home/laelt/27_05_25.ws/src/Fla/install/Fla/share/Fla/cmake/FlaConfig-version.cmake
-- Installing: /home/laelt/27_05_25.ws/src/Fla/install/Fla/share/Fla/package.xml
