[0.009s] Invoking command in '/home/laelt/27_05_25.ws/src/Fla/build/Fla': CMAKE_PREFIX_PATH=/opt/ros/humble /usr/bin/cmake /home/laelt/27_05_25.ws/src/Fla -DCMAKE_INSTALL_PREFIX=/home/laelt/27_05_25.ws/src/Fla/install/Fla
[0.326s] -- The C compiler identification is GNU 11.4.0
[0.577s] -- The CXX compiler identification is GNU 11.4.0
[0.588s] -- Detecting C compiler ABI info
[0.728s] -- Detecting C compiler ABI info - done
[0.739s] -- Check for working C compiler: /usr/bin/cc - skipped
[0.739s] -- Detecting C compile features
[0.740s] -- Detecting C compile features - done
[0.746s] -- Detecting CXX compiler ABI info
[0.845s] -- Detecting CXX compiler ABI info - done
[0.854s] -- Check for working CXX compiler: /usr/bin/c++ - skipped
[0.854s] -- Detecting CXX compile features
[0.855s] -- Detecting CXX compile features - done
[0.864s] -- Found ament_cmake: 1.3.11 (/opt/ros/humble/share/ament_cmake/cmake)
[1.027s] -- Found Python3: /usr/bin/python3 (found version "3.10.12") found components: Interpreter 
[1.133s] -- Found gazebo_ros_pkgs: 3.9.0 (/opt/ros/humble/share/gazebo_ros_pkgs/cmake)
[1.135s] -- Found rclcpp: 16.0.12 (/opt/ros/humble/share/rclcpp/cmake)
[1.201s] -- Found rosidl_generator_c: 3.1.6 (/opt/ros/humble/share/rosidl_generator_c/cmake)
[1.208s] -- Found rosidl_adapter: 3.1.6 (/opt/ros/humble/share/rosidl_adapter/cmake)
[1.223s] -- Found rosidl_generator_cpp: 3.1.6 (/opt/ros/humble/share/rosidl_generator_cpp/cmake)
[1.257s] -- Using all available rosidl_typesupport_c: rosidl_typesupport_fastrtps_c;rosidl_typesupport_introspection_c
[1.290s] -- Using all available rosidl_typesupport_cpp: rosidl_typesupport_fastrtps_cpp;rosidl_typesupport_introspection_cpp
[1.348s] -- Found rmw_implementation_cmake: 6.1.2 (/opt/ros/humble/share/rmw_implementation_cmake/cmake)
[1.352s] -- Found rmw_fastrtps_cpp: 6.2.7 (/opt/ros/humble/share/rmw_fastrtps_cpp/cmake)
[1.453s] -- Found OpenSSL: /usr/lib/x86_64-linux-gnu/libcrypto.so (found version "3.0.2")  
[1.483s] -- Found FastRTPS: /opt/ros/humble/include  
[1.529s] -- Using RMW implementation 'rmw_fastrtps_cpp' as default
[1.542s] -- Looking for pthread.h
[1.631s] -- Looking for pthread.h - found
[1.632s] -- Performing Test CMAKE_HAVE_LIBC_PTHREAD
[1.713s] -- Performing Test CMAKE_HAVE_LIBC_PTHREAD - Success
[1.714s] -- Found Threads: TRUE  
[1.789s] -- Found geometry_msgs: 4.8.0 (/opt/ros/humble/share/geometry_msgs/cmake)
[1.807s] -- Found sensor_msgs: 4.8.0 (/opt/ros/humble/share/sensor_msgs/cmake)
[1.831s] -- Found ament_lint_auto: 0.12.12 (/opt/ros/humble/share/ament_lint_auto/cmake)
[1.887s] WARNING: Package name "Fla" does not follow the naming conventions. It should start with a lower case letter and only contain lower case letters, digits, underscores, and dashes.
[1.922s] -- Added test 'cppcheck' to perform static code analysis on C / C++ code
[1.923s] -- Configured cppcheck include dirs: $<BUILD_INTERFACE:/home/laelt/27_05_25.ws/src/Fla/include>
[1.923s] -- Configured cppcheck exclude dirs and/or files: 
[1.924s] -- Added test 'flake8' to check Python code syntax and style conventions
[1.926s] -- Added test 'lint_cmake' to check CMake code style
[1.927s] -- Added test 'pep257' to check Python code against some of the docstring style conventions in PEP 257
[1.934s] -- Added test 'uncrustify' to check C / C++ code style
[1.934s] -- Configured uncrustify additional arguments: 
[1.935s] -- Added test 'xmllint' to check XML markup files
[1.937s] -- Configuring done
[1.944s] -- Generating done
[1.947s] -- Build files have been written to: /home/laelt/27_05_25.ws/src/Fla/build/Fla
[1.956s] Invoked command in '/home/laelt/27_05_25.ws/src/Fla/build/Fla' returned '0': CMAKE_PREFIX_PATH=/opt/ros/humble /usr/bin/cmake /home/laelt/27_05_25.ws/src/Fla -DCMAKE_INSTALL_PREFIX=/home/laelt/27_05_25.ws/src/Fla/install/Fla
[1.958s] Invoking command in '/home/laelt/27_05_25.ws/src/Fla/build/Fla': CMAKE_PREFIX_PATH=/opt/ros/humble /usr/bin/cmake --build /home/laelt/27_05_25.ws/src/Fla/build/Fla -- -j4 -l4
[2.009s] [ 50%] [32mBuilding CXX object CMakeFiles/cefet.dir/src/cefet.cpp.o[0m
[2.051s] [100%] [32m[1mLinking CXX executable cefet[0m
[2.101s] [100%] Built target cefet
[2.113s] Invoked command in '/home/laelt/27_05_25.ws/src/Fla/build/Fla' returned '0': CMAKE_PREFIX_PATH=/opt/ros/humble /usr/bin/cmake --build /home/laelt/27_05_25.ws/src/Fla/build/Fla -- -j4 -l4
[2.123s] Invoking command in '/home/laelt/27_05_25.ws/src/Fla/build/Fla': CMAKE_PREFIX_PATH=/opt/ros/humble /usr/bin/cmake --install /home/laelt/27_05_25.ws/src/Fla/build/Fla
[2.130s] -- Install configuration: ""
[2.131s] -- Installing: /home/laelt/27_05_25.ws/src/Fla/install/Fla/share/Fla/launch
[2.131s] -- Installing: /home/laelt/27_05_25.ws/src/Fla/install/Fla/share/Fla/launch/__pycache__
[2.131s] -- Installing: /home/laelt/27_05_25.ws/src/Fla/install/Fla/share/Fla/launch/__pycache__/launch.cpython-310.pyc
[2.131s] -- Installing: /home/laelt/27_05_25.ws/src/Fla/install/Fla/share/Fla/launch/launch.py
[2.131s] -- Installing: /home/laelt/27_05_25.ws/src/Fla/install/Fla/share/Fla/launch/gz_sim.launch.py
[2.131s] -- Installing: /home/laelt/27_05_25.ws/src/Fla/install/Fla/share/Fla/Model
[2.132s] -- Installing: /home/laelt/27_05_25.ws/src/Fla/install/Fla/share/Fla/Model/building_robot.sdf
[2.132s] -- Installing: /home/laelt/27_05_25.ws/src/Fla/install/Fla/share/Fla/Model/building_robot(N FUNCINA).sdf
[2.133s] -- Installing: /home/laelt/27_05_25.ws/src/Fla/install/Fla/share/Fla/Model/building_robot(camera_n_funciona).sdf
[2.133s] -- Installing: /home/laelt/27_05_25.ws/src/Fla/install/Fla/share/Fla/Model/building_robot (copy).sdf
[2.134s] -- Installing: /home/laelt/27_05_25.ws/src/Fla/install/Fla/lib/Fla/cefet
[2.135s] -- Installing: /home/laelt/27_05_25.ws/src/Fla/install/Fla/share/ament_index/resource_index/package_run_dependencies/Fla
[2.135s] -- Installing: /home/laelt/27_05_25.ws/src/Fla/install/Fla/share/ament_index/resource_index/parent_prefix_path/Fla
[2.135s] -- Installing: /home/laelt/27_05_25.ws/src/Fla/install/Fla/share/Fla/environment/ament_prefix_path.sh
[2.135s] -- Installing: /home/laelt/27_05_25.ws/src/Fla/install/Fla/share/Fla/environment/ament_prefix_path.dsv
[2.135s] -- Installing: /home/laelt/27_05_25.ws/src/Fla/install/Fla/share/Fla/environment/path.sh
[2.135s] -- Installing: /home/laelt/27_05_25.ws/src/Fla/install/Fla/share/Fla/environment/path.dsv
[2.136s] -- Installing: /home/laelt/27_05_25.ws/src/Fla/install/Fla/share/Fla/local_setup.bash
[2.136s] -- Installing: /home/laelt/27_05_25.ws/src/Fla/install/Fla/share/Fla/local_setup.sh
[2.136s] -- Installing: /home/laelt/27_05_25.ws/src/Fla/install/Fla/share/Fla/local_setup.zsh
[2.136s] -- Installing: /home/laelt/27_05_25.ws/src/Fla/install/Fla/share/Fla/local_setup.dsv
[2.136s] -- Installing: /home/laelt/27_05_25.ws/src/Fla/install/Fla/share/Fla/package.dsv
[2.136s] -- Installing: /home/laelt/27_05_25.ws/src/Fla/install/Fla/share/ament_index/resource_index/packages/Fla
[2.137s] -- Installing: /home/laelt/27_05_25.ws/src/Fla/install/Fla/share/Fla/cmake/FlaConfig.cmake
[2.137s] -- Installing: /home/laelt/27_05_25.ws/src/Fla/install/Fla/share/Fla/cmake/FlaConfig-version.cmake
[2.137s] -- Installing: /home/laelt/27_05_25.ws/src/Fla/install/Fla/share/Fla/package.xml
[2.139s] Invoked command in '/home/laelt/27_05_25.ws/src/Fla/build/Fla' returned '0': CMAKE_PREFIX_PATH=/opt/ros/humble /usr/bin/cmake --install /home/laelt/27_05_25.ws/src/Fla/build/Fla
