[0.324s] DEBUG:colcon:Command line arguments: ['/usr/bin/colcon', 'build']
[0.324s] DEBUG:colcon:Parsed command line arguments: Namespace(log_base=None, log_level=None, verb_name='build', build_base='build', install_base='install', merge_install=False, symlink_install=False, test_result_base=None, continue_on_error=False, executor='parallel', parallel_workers=4, event_handlers=None, ignore_user_meta=False, metas=['./colcon.meta'], base_paths=['.'], packages_ignore=None, packages_ignore_regex=None, paths=None, packages_up_to=None, packages_up_to_regex=None, packages_above=None, packages_above_and_dependencies=None, packages_above_depth=None, packages_select_by_dep=None, packages_skip_by_dep=None, packages_skip_up_to=None, packages_select_build_failed=False, packages_skip_build_finished=False, packages_select_test_failures=False, packages_skip_test_passed=False, packages_select=None, packages_skip=None, packages_select_regex=None, packages_skip_regex=None, packages_start=None, packages_end=None, allow_overriding=[], cmake_args=None, cmake_target=None, cmake_target_skip_unavailable=False, cmake_clean_cache=False, cmake_clean_first=False, cmake_force_configure=False, ament_cmake_args=None, catkin_cmake_args=None, catkin_skip_building_tests=False, verb_parser=<colcon_defaults.argument_parser.defaults.DefaultArgumentsDecorator object at 0x7725c635c460>, verb_extension=<colcon_core.verb.build.BuildVerb object at 0x7725c63275e0>, main=<bound method BuildVerb.main of <colcon_core.verb.build.BuildVerb object at 0x7725c63275e0>>)
[0.645s] Level 1:colcon.colcon_core.package_discovery:discover_packages(colcon_meta) check parameters
[0.645s] Level 1:colcon.colcon_core.package_discovery:discover_packages(recursive) check parameters
[0.645s] Level 1:colcon.colcon_core.package_discovery:discover_packages(ignore) check parameters
[0.645s] Level 1:colcon.colcon_core.package_discovery:discover_packages(path) check parameters
[0.645s] Level 1:colcon.colcon_core.package_discovery:discover_packages(colcon_meta) discover
[0.645s] Level 1:colcon.colcon_core.package_discovery:discover_packages(recursive) discover
[0.645s] INFO:colcon.colcon_core.package_discovery:Crawling recursively for packages in '/home/laelt/27_05_25.ws'
[0.645s] Level 1:colcon.colcon_core.package_identification:_identify(.) by extensions ['ignore', 'ignore_ament_install']
[0.645s] Level 1:colcon.colcon_core.package_identification:_identify(.) by extension 'ignore'
[0.645s] Level 1:colcon.colcon_core.package_identification:_identify(.) by extension 'ignore_ament_install'
[0.645s] Level 1:colcon.colcon_core.package_identification:_identify(.) by extensions ['colcon_pkg']
[0.645s] Level 1:colcon.colcon_core.package_identification:_identify(.) by extension 'colcon_pkg'
[0.645s] Level 1:colcon.colcon_core.package_identification:_identify(.) by extensions ['colcon_meta']
[0.645s] Level 1:colcon.colcon_core.package_identification:_identify(.) by extension 'colcon_meta'
[0.645s] Level 1:colcon.colcon_core.package_identification:_identify(.) by extensions ['ros']
[0.645s] Level 1:colcon.colcon_core.package_identification:_identify(.) by extension 'ros'
[0.662s] Level 1:colcon.colcon_core.package_identification:_identify(.) by extensions ['cmake', 'python']
[0.662s] Level 1:colcon.colcon_core.package_identification:_identify(.) by extension 'cmake'
[0.662s] Level 1:colcon.colcon_core.package_identification:_identify(.) by extension 'python'
[0.662s] Level 1:colcon.colcon_core.package_identification:_identify(.) by extensions ['python_setup_py']
[0.662s] Level 1:colcon.colcon_core.package_identification:_identify(.) by extension 'python_setup_py'
[0.662s] Level 1:colcon.colcon_core.package_identification:_identify(build) by extensions ['ignore', 'ignore_ament_install']
[0.662s] Level 1:colcon.colcon_core.package_identification:_identify(build) by extension 'ignore'
[0.662s] Level 1:colcon.colcon_core.package_identification:_identify(build) ignored
[0.662s] Level 1:colcon.colcon_core.package_identification:_identify(install) by extensions ['ignore', 'ignore_ament_install']
[0.662s] Level 1:colcon.colcon_core.package_identification:_identify(install) by extension 'ignore'
[0.662s] Level 1:colcon.colcon_core.package_identification:_identify(install) ignored
[0.663s] Level 1:colcon.colcon_core.package_identification:_identify(log) by extensions ['ignore', 'ignore_ament_install']
[0.663s] Level 1:colcon.colcon_core.package_identification:_identify(log) by extension 'ignore'
[0.663s] Level 1:colcon.colcon_core.package_identification:_identify(log) ignored
[0.663s] Level 1:colcon.colcon_core.package_identification:_identify(src) by extensions ['ignore', 'ignore_ament_install']
[0.663s] Level 1:colcon.colcon_core.package_identification:_identify(src) by extension 'ignore'
[0.663s] Level 1:colcon.colcon_core.package_identification:_identify(src) by extension 'ignore_ament_install'
[0.663s] Level 1:colcon.colcon_core.package_identification:_identify(src) by extensions ['colcon_pkg']
[0.663s] Level 1:colcon.colcon_core.package_identification:_identify(src) by extension 'colcon_pkg'
[0.663s] Level 1:colcon.colcon_core.package_identification:_identify(src) by extensions ['colcon_meta']
[0.663s] Level 1:colcon.colcon_core.package_identification:_identify(src) by extension 'colcon_meta'
[0.663s] Level 1:colcon.colcon_core.package_identification:_identify(src) by extensions ['ros']
[0.663s] Level 1:colcon.colcon_core.package_identification:_identify(src) by extension 'ros'
[0.663s] Level 1:colcon.colcon_core.package_identification:_identify(src) by extensions ['cmake', 'python']
[0.663s] Level 1:colcon.colcon_core.package_identification:_identify(src) by extension 'cmake'
[0.663s] Level 1:colcon.colcon_core.package_identification:_identify(src) by extension 'python'
[0.663s] Level 1:colcon.colcon_core.package_identification:_identify(src) by extensions ['python_setup_py']
[0.663s] Level 1:colcon.colcon_core.package_identification:_identify(src) by extension 'python_setup_py'
[0.663s] Level 1:colcon.colcon_core.package_identification:_identify(src/Fla) by extensions ['ignore', 'ignore_ament_install']
[0.664s] Level 1:colcon.colcon_core.package_identification:_identify(src/Fla) by extension 'ignore'
[0.664s] Level 1:colcon.colcon_core.package_identification:_identify(src/Fla) by extension 'ignore_ament_install'
[0.664s] Level 1:colcon.colcon_core.package_identification:_identify(src/Fla) by extensions ['colcon_pkg']
[0.664s] Level 1:colcon.colcon_core.package_identification:_identify(src/Fla) by extension 'colcon_pkg'
[0.664s] Level 1:colcon.colcon_core.package_identification:_identify(src/Fla) by extensions ['colcon_meta']
[0.664s] Level 1:colcon.colcon_core.package_identification:_identify(src/Fla) by extension 'colcon_meta'
[0.664s] Level 1:colcon.colcon_core.package_identification:_identify(src/Fla) by extensions ['ros']
[0.664s] Level 1:colcon.colcon_core.package_identification:_identify(src/Fla) by extension 'ros'
[0.669s] DEBUG:colcon.colcon_core.package_identification:Package 'src/Fla' with type 'ros.ament_cmake' and name 'Fla'
[0.669s] Level 1:colcon.colcon_core.package_identification:_identify(src/script_tatiana) by extensions ['ignore', 'ignore_ament_install']
[0.669s] Level 1:colcon.colcon_core.package_identification:_identify(src/script_tatiana) by extension 'ignore'
[0.669s] Level 1:colcon.colcon_core.package_identification:_identify(src/script_tatiana) by extension 'ignore_ament_install'
[0.669s] Level 1:colcon.colcon_core.package_identification:_identify(src/script_tatiana) by extensions ['colcon_pkg']
[0.669s] Level 1:colcon.colcon_core.package_identification:_identify(src/script_tatiana) by extension 'colcon_pkg'
[0.669s] Level 1:colcon.colcon_core.package_identification:_identify(src/script_tatiana) by extensions ['colcon_meta']
[0.669s] Level 1:colcon.colcon_core.package_identification:_identify(src/script_tatiana) by extension 'colcon_meta'
[0.669s] Level 1:colcon.colcon_core.package_identification:_identify(src/script_tatiana) by extensions ['ros']
[0.669s] Level 1:colcon.colcon_core.package_identification:_identify(src/script_tatiana) by extension 'ros'
[0.670s] Level 1:colcon.colcon_core.package_identification:_identify(src/script_tatiana) by extensions ['cmake', 'python']
[0.670s] Level 1:colcon.colcon_core.package_identification:_identify(src/script_tatiana) by extension 'cmake'
[0.670s] Level 1:colcon.colcon_core.package_identification:_identify(src/script_tatiana) by extension 'python'
[0.670s] Level 1:colcon.colcon_core.package_identification:_identify(src/script_tatiana) by extensions ['python_setup_py']
[0.670s] Level 1:colcon.colcon_core.package_identification:_identify(src/script_tatiana) by extension 'python_setup_py'
[0.670s] Level 1:colcon.colcon_core.package_identification:_identify(src/script_tatiana/astar) by extensions ['ignore', 'ignore_ament_install']
[0.670s] Level 1:colcon.colcon_core.package_identification:_identify(src/script_tatiana/astar) by extension 'ignore'
[0.670s] Level 1:colcon.colcon_core.package_identification:_identify(src/script_tatiana/astar) by extension 'ignore_ament_install'
[0.670s] Level 1:colcon.colcon_core.package_identification:_identify(src/script_tatiana/astar) by extensions ['colcon_pkg']
[0.670s] Level 1:colcon.colcon_core.package_identification:_identify(src/script_tatiana/astar) by extension 'colcon_pkg'
[0.670s] Level 1:colcon.colcon_core.package_identification:_identify(src/script_tatiana/astar) by extensions ['colcon_meta']
[0.670s] Level 1:colcon.colcon_core.package_identification:_identify(src/script_tatiana/astar) by extension 'colcon_meta'
[0.670s] Level 1:colcon.colcon_core.package_identification:_identify(src/script_tatiana/astar) by extensions ['ros']
[0.670s] Level 1:colcon.colcon_core.package_identification:_identify(src/script_tatiana/astar) by extension 'ros'
[0.670s] Level 1:colcon.colcon_core.package_identification:_identify(src/script_tatiana/astar) by extensions ['cmake', 'python']
[0.670s] Level 1:colcon.colcon_core.package_identification:_identify(src/script_tatiana/astar) by extension 'cmake'
[0.670s] Level 1:colcon.colcon_core.package_identification:_identify(src/script_tatiana/astar) by extension 'python'
[0.670s] Level 1:colcon.colcon_core.package_identification:_identify(src/script_tatiana/astar) by extensions ['python_setup_py']
[0.671s] Level 1:colcon.colcon_core.package_identification:_identify(src/script_tatiana/astar) by extension 'python_setup_py'
[0.671s] Level 1:colcon.colcon_core.package_identification:_identify(src/script_tatiana/astar/__pycache__) by extensions ['ignore', 'ignore_ament_install']
[0.671s] Level 1:colcon.colcon_core.package_identification:_identify(src/script_tatiana/astar/__pycache__) by extension 'ignore'
[0.671s] Level 1:colcon.colcon_core.package_identification:_identify(src/script_tatiana/astar/__pycache__) by extension 'ignore_ament_install'
[0.671s] Level 1:colcon.colcon_core.package_identification:_identify(src/script_tatiana/astar/__pycache__) by extensions ['colcon_pkg']
[0.671s] Level 1:colcon.colcon_core.package_identification:_identify(src/script_tatiana/astar/__pycache__) by extension 'colcon_pkg'
[0.671s] Level 1:colcon.colcon_core.package_identification:_identify(src/script_tatiana/astar/__pycache__) by extensions ['colcon_meta']
[0.671s] Level 1:colcon.colcon_core.package_identification:_identify(src/script_tatiana/astar/__pycache__) by extension 'colcon_meta'
[0.671s] Level 1:colcon.colcon_core.package_identification:_identify(src/script_tatiana/astar/__pycache__) by extensions ['ros']
[0.671s] Level 1:colcon.colcon_core.package_identification:_identify(src/script_tatiana/astar/__pycache__) by extension 'ros'
[0.671s] Level 1:colcon.colcon_core.package_identification:_identify(src/script_tatiana/astar/__pycache__) by extensions ['cmake', 'python']
[0.671s] Level 1:colcon.colcon_core.package_identification:_identify(src/script_tatiana/astar/__pycache__) by extension 'cmake'
[0.671s] Level 1:colcon.colcon_core.package_identification:_identify(src/script_tatiana/astar/__pycache__) by extension 'python'
[0.671s] Level 1:colcon.colcon_core.package_identification:_identify(src/script_tatiana/astar/__pycache__) by extensions ['python_setup_py']
[0.671s] Level 1:colcon.colcon_core.package_identification:_identify(src/script_tatiana/astar/__pycache__) by extension 'python_setup_py'
[0.671s] Level 1:colcon.colcon_core.package_identification:_identify(src/script_tatiana/build) by extensions ['ignore', 'ignore_ament_install']
[0.671s] Level 1:colcon.colcon_core.package_identification:_identify(src/script_tatiana/build) by extension 'ignore'
[0.672s] Level 1:colcon.colcon_core.package_identification:_identify(src/script_tatiana/build) ignored
[0.672s] Level 1:colcon.colcon_core.package_identification:_identify(src/script_tatiana/install) by extensions ['ignore', 'ignore_ament_install']
[0.672s] Level 1:colcon.colcon_core.package_identification:_identify(src/script_tatiana/install) by extension 'ignore'
[0.672s] Level 1:colcon.colcon_core.package_identification:_identify(src/script_tatiana/install) ignored
[0.672s] Level 1:colcon.colcon_core.package_identification:_identify(src/script_tatiana/log) by extensions ['ignore', 'ignore_ament_install']
[0.672s] Level 1:colcon.colcon_core.package_identification:_identify(src/script_tatiana/log) by extension 'ignore'
[0.672s] Level 1:colcon.colcon_core.package_identification:_identify(src/script_tatiana/log) ignored
[0.672s] Level 1:colcon.colcon_core.package_discovery:discover_packages(recursive) using defaults
[0.672s] Level 1:colcon.colcon_core.package_discovery:discover_packages(ignore) discover
[0.672s] Level 1:colcon.colcon_core.package_discovery:discover_packages(ignore) using defaults
[0.672s] Level 1:colcon.colcon_core.package_discovery:discover_packages(path) discover
[0.672s] Level 1:colcon.colcon_core.package_discovery:discover_packages(path) using defaults
[0.727s] Level 1:colcon.colcon_core.package_discovery:discover_packages(prefix_path) check parameters
[0.727s] Level 1:colcon.colcon_core.package_discovery:discover_packages(prefix_path) discover
[0.732s] DEBUG:colcon.colcon_installed_package_information.package_discovery:Found 0 installed packages in /home/laelt/27_05_25.ws/src/script_tatiana/install
[0.732s] DEBUG:colcon.colcon_installed_package_information.package_discovery:Found 1 installed packages in /home/laelt/27_05_25.ws/install
[0.733s] DEBUG:colcon.colcon_installed_package_information.package_discovery:Found 1 installed packages in /home/laelt/27_05_25.ws/src/Fla/install
[0.734s] DEBUG:colcon.colcon_installed_package_information.package_discovery:Found 293 installed packages in /opt/ros/humble
[0.736s] Level 1:colcon.colcon_core.package_discovery:discover_packages(prefix_path) using defaults
[0.781s] Level 5:colcon.colcon_core.verb:set package 'Fla' build argument 'cmake_args' from command line to 'None'
[0.781s] Level 5:colcon.colcon_core.verb:set package 'Fla' build argument 'cmake_target' from command line to 'None'
[0.781s] Level 5:colcon.colcon_core.verb:set package 'Fla' build argument 'cmake_target_skip_unavailable' from command line to 'False'
[0.781s] Level 5:colcon.colcon_core.verb:set package 'Fla' build argument 'cmake_clean_cache' from command line to 'False'
[0.781s] Level 5:colcon.colcon_core.verb:set package 'Fla' build argument 'cmake_clean_first' from command line to 'False'
[0.781s] Level 5:colcon.colcon_core.verb:set package 'Fla' build argument 'cmake_force_configure' from command line to 'False'
[0.781s] Level 5:colcon.colcon_core.verb:set package 'Fla' build argument 'ament_cmake_args' from command line to 'None'
[0.782s] Level 5:colcon.colcon_core.verb:set package 'Fla' build argument 'catkin_cmake_args' from command line to 'None'
[0.782s] Level 5:colcon.colcon_core.verb:set package 'Fla' build argument 'catkin_skip_building_tests' from command line to 'False'
[0.782s] DEBUG:colcon.colcon_core.verb:Building package 'Fla' with the following arguments: {'ament_cmake_args': None, 'build_base': '/home/laelt/27_05_25.ws/build/Fla', 'catkin_cmake_args': None, 'catkin_skip_building_tests': False, 'cmake_args': None, 'cmake_clean_cache': False, 'cmake_clean_first': False, 'cmake_force_configure': False, 'cmake_target': None, 'cmake_target_skip_unavailable': False, 'install_base': '/home/laelt/27_05_25.ws/install/Fla', 'merge_install': False, 'path': '/home/laelt/27_05_25.ws/src/Fla', 'symlink_install': False, 'test_result_base': None}
[0.782s] INFO:colcon.colcon_core.executor:Executing jobs using 'parallel' executor
[0.783s] DEBUG:colcon.colcon_parallel_executor.executor.parallel:run_until_complete
[0.783s] INFO:colcon.colcon_ros.task.ament_cmake.build:Building ROS package in '/home/laelt/27_05_25.ws/src/Fla' with build type 'ament_cmake'
[0.783s] INFO:colcon.colcon_cmake.task.cmake.build:Building CMake package in '/home/laelt/27_05_25.ws/src/Fla'
[0.788s] INFO:colcon.colcon_core.plugin_system:Skipping extension 'colcon_core.shell.bat': Not used on non-Windows systems
[0.788s] INFO:colcon.colcon_core.shell:Skip shell extension 'powershell' for command environment: Not usable outside of PowerShell
[0.788s] DEBUG:colcon.colcon_core.shell:Skip shell extension 'dsv' for command environment
[0.797s] DEBUG:colcon.colcon_core.event_handler.log_command:Invoking command in '/home/laelt/27_05_25.ws/build/Fla': CMAKE_PREFIX_PATH=${CMAKE_PREFIX_PATH}:/opt/ros/humble /usr/bin/cmake --build /home/laelt/27_05_25.ws/build/Fla -- -j4 -l4
[1.035s] DEBUG:colcon.colcon_core.event_handler.log_command:Invoked command in '/home/laelt/27_05_25.ws/build/Fla' returned '0': CMAKE_PREFIX_PATH=${CMAKE_PREFIX_PATH}:/opt/ros/humble /usr/bin/cmake --build /home/laelt/27_05_25.ws/build/Fla -- -j4 -l4
[1.048s] DEBUG:colcon.colcon_core.event_handler.log_command:Invoking command in '/home/laelt/27_05_25.ws/build/Fla': CMAKE_PREFIX_PATH=${CMAKE_PREFIX_PATH}:/opt/ros/humble /usr/bin/cmake --install /home/laelt/27_05_25.ws/build/Fla
[1.064s] Level 1:colcon.colcon_core.environment:create_environment_scripts_only(Fla)
[1.065s] DEBUG:colcon.colcon_core.event_handler.log_command:Invoked command in '/home/laelt/27_05_25.ws/build/Fla' returned '0': CMAKE_PREFIX_PATH=${CMAKE_PREFIX_PATH}:/opt/ros/humble /usr/bin/cmake --install /home/laelt/27_05_25.ws/build/Fla
[1.072s] Level 1:colcon.colcon_core.environment:checking '/home/laelt/27_05_25.ws/install/Fla' for CMake module files
[1.073s] Level 1:colcon.colcon_core.environment:checking '/home/laelt/27_05_25.ws/install/Fla' for CMake config files
[1.073s] Level 1:colcon.colcon_core.shell:create_environment_hook('Fla', 'cmake_prefix_path')
[1.073s] INFO:colcon.colcon_core.shell:Creating environment hook '/home/laelt/27_05_25.ws/install/Fla/share/Fla/hook/cmake_prefix_path.ps1'
[1.074s] INFO:colcon.colcon_core.shell:Creating environment descriptor '/home/laelt/27_05_25.ws/install/Fla/share/Fla/hook/cmake_prefix_path.dsv'
[1.075s] INFO:colcon.colcon_core.shell:Creating environment hook '/home/laelt/27_05_25.ws/install/Fla/share/Fla/hook/cmake_prefix_path.sh'
[1.076s] Level 1:colcon.colcon_core.environment:checking '/home/laelt/27_05_25.ws/install/Fla/lib'
[1.076s] Level 1:colcon.colcon_core.environment:checking '/home/laelt/27_05_25.ws/install/Fla/bin'
[1.077s] Level 1:colcon.colcon_core.environment:checking '/home/laelt/27_05_25.ws/install/Fla/lib/pkgconfig/Fla.pc'
[1.077s] Level 1:colcon.colcon_core.environment:checking '/home/laelt/27_05_25.ws/install/Fla/lib/python3.10/site-packages'
[1.077s] Level 1:colcon.colcon_core.environment:checking '/home/laelt/27_05_25.ws/install/Fla/bin'
[1.077s] INFO:colcon.colcon_core.shell:Creating package script '/home/laelt/27_05_25.ws/install/Fla/share/Fla/package.ps1'
[1.078s] INFO:colcon.colcon_core.shell:Creating package descriptor '/home/laelt/27_05_25.ws/install/Fla/share/Fla/package.dsv'
[1.079s] INFO:colcon.colcon_core.shell:Creating package script '/home/laelt/27_05_25.ws/install/Fla/share/Fla/package.sh'
[1.080s] INFO:colcon.colcon_core.shell:Creating package script '/home/laelt/27_05_25.ws/install/Fla/share/Fla/package.bash'
[1.081s] INFO:colcon.colcon_core.shell:Creating package script '/home/laelt/27_05_25.ws/install/Fla/share/Fla/package.zsh'
[1.083s] Level 1:colcon.colcon_core.environment:create_file_with_runtime_dependencies(/home/laelt/27_05_25.ws/install/Fla/share/colcon-core/packages/Fla)
[1.083s] Level 1:colcon.colcon_core.environment:create_environment_scripts_only(Fla)
[1.084s] Level 1:colcon.colcon_core.environment:checking '/home/laelt/27_05_25.ws/install/Fla' for CMake module files
[1.084s] Level 1:colcon.colcon_core.environment:checking '/home/laelt/27_05_25.ws/install/Fla' for CMake config files
[1.084s] Level 1:colcon.colcon_core.shell:create_environment_hook('Fla', 'cmake_prefix_path')
[1.085s] INFO:colcon.colcon_core.shell:Creating environment hook '/home/laelt/27_05_25.ws/install/Fla/share/Fla/hook/cmake_prefix_path.ps1'
[1.085s] INFO:colcon.colcon_core.shell:Creating environment descriptor '/home/laelt/27_05_25.ws/install/Fla/share/Fla/hook/cmake_prefix_path.dsv'
[1.085s] INFO:colcon.colcon_core.shell:Creating environment hook '/home/laelt/27_05_25.ws/install/Fla/share/Fla/hook/cmake_prefix_path.sh'
[1.086s] Level 1:colcon.colcon_core.environment:checking '/home/laelt/27_05_25.ws/install/Fla/lib'
[1.086s] Level 1:colcon.colcon_core.environment:checking '/home/laelt/27_05_25.ws/install/Fla/bin'
[1.086s] Level 1:colcon.colcon_core.environment:checking '/home/laelt/27_05_25.ws/install/Fla/lib/pkgconfig/Fla.pc'
[1.086s] Level 1:colcon.colcon_core.environment:checking '/home/laelt/27_05_25.ws/install/Fla/lib/python3.10/site-packages'
[1.087s] Level 1:colcon.colcon_core.environment:checking '/home/laelt/27_05_25.ws/install/Fla/bin'
[1.087s] INFO:colcon.colcon_core.shell:Creating package script '/home/laelt/27_05_25.ws/install/Fla/share/Fla/package.ps1'
[1.087s] INFO:colcon.colcon_core.shell:Creating package descriptor '/home/laelt/27_05_25.ws/install/Fla/share/Fla/package.dsv'
[1.088s] INFO:colcon.colcon_core.shell:Creating package script '/home/laelt/27_05_25.ws/install/Fla/share/Fla/package.sh'
[1.088s] INFO:colcon.colcon_core.shell:Creating package script '/home/laelt/27_05_25.ws/install/Fla/share/Fla/package.bash'
[1.089s] INFO:colcon.colcon_core.shell:Creating package script '/home/laelt/27_05_25.ws/install/Fla/share/Fla/package.zsh'
[1.089s] Level 1:colcon.colcon_core.environment:create_file_with_runtime_dependencies(/home/laelt/27_05_25.ws/install/Fla/share/colcon-core/packages/Fla)
[1.089s] DEBUG:colcon.colcon_parallel_executor.executor.parallel:closing loop
[1.089s] DEBUG:colcon.colcon_parallel_executor.executor.parallel:loop closed
[1.089s] DEBUG:colcon.colcon_parallel_executor.executor.parallel:run_until_complete finished with '0'
[1.090s] DEBUG:colcon.colcon_core.event_reactor:joining thread
[1.096s] INFO:colcon.colcon_core.plugin_system:Skipping extension 'colcon_notification.desktop_notification.terminal_notifier': Not used on non-Darwin systems
[1.096s] INFO:colcon.colcon_core.plugin_system:Skipping extension 'colcon_notification.desktop_notification.win32': Not used on non-Windows systems
[1.096s] INFO:colcon.colcon_notification.desktop_notification:Sending desktop notification using 'notify2'
[1.120s] DEBUG:colcon.colcon_core.event_reactor:joined thread
[1.121s] INFO:colcon.colcon_core.shell:Creating prefix script '/home/laelt/27_05_25.ws/install/local_setup.ps1'
[1.122s] INFO:colcon.colcon_core.shell:Creating prefix util module '/home/laelt/27_05_25.ws/install/_local_setup_util_ps1.py'
[1.124s] INFO:colcon.colcon_core.shell:Creating prefix chain script '/home/laelt/27_05_25.ws/install/setup.ps1'
[1.125s] INFO:colcon.colcon_core.shell:Creating prefix script '/home/laelt/27_05_25.ws/install/local_setup.sh'
[1.126s] INFO:colcon.colcon_core.shell:Creating prefix util module '/home/laelt/27_05_25.ws/install/_local_setup_util_sh.py'
[1.127s] INFO:colcon.colcon_core.shell:Creating prefix chain script '/home/laelt/27_05_25.ws/install/setup.sh'
[1.129s] INFO:colcon.colcon_core.shell:Creating prefix script '/home/laelt/27_05_25.ws/install/local_setup.bash'
[1.129s] INFO:colcon.colcon_core.shell:Creating prefix chain script '/home/laelt/27_05_25.ws/install/setup.bash'
[1.131s] INFO:colcon.colcon_core.shell:Creating prefix script '/home/laelt/27_05_25.ws/install/local_setup.zsh'
[1.132s] INFO:colcon.colcon_core.shell:Creating prefix chain script '/home/laelt/27_05_25.ws/install/setup.zsh'
