[0.011s] Invoking command in '/home/laelt/27_05_25.ws/build/Fla': CMAKE_PREFIX_PATH=/opt/ros/humble /usr/bin/cmake /home/laelt/27_05_25.ws/src/Fla -DCMAKE_INSTALL_PREFIX=/home/laelt/27_05_25.ws/install/Fla
[0.164s] -- The C compiler identification is GNU 11.4.0
[0.294s] -- The CXX compiler identification is GNU 11.4.0
[0.307s] -- Detecting C compiler ABI info
[0.438s] -- Detecting C compiler ABI info - done
[0.447s] -- Check for working C compiler: /usr/bin/cc - skipped
[0.448s] -- Detecting C compile features
[0.449s] -- Detecting C compile features - done
[0.453s] -- Detecting CXX compiler ABI info
[0.549s] -- Detecting CXX compiler ABI info - done
[0.558s] -- Check for working CXX compiler: /usr/bin/c++ - skipped
[0.558s] -- Detecting CXX compile features
[0.559s] -- Detecting CXX compile features - done
[0.568s] -- Found ament_cmake: 1.3.11 (/opt/ros/humble/share/ament_cmake/cmake)
[0.749s] -- Found Python3: /usr/bin/python3 (found version "3.10.12") found components: Interpreter 
[0.869s] -- Found gazebo_ros_pkgs: 3.9.0 (/opt/ros/humble/share/gazebo_ros_pkgs/cmake)
[0.872s] -- Found rclcpp: 16.0.12 (/opt/ros/humble/share/rclcpp/cmake)
[0.935s] -- Found rosidl_generator_c: 3.1.6 (/opt/ros/humble/share/rosidl_generator_c/cmake)
[0.943s] -- Found rosidl_adapter: 3.1.6 (/opt/ros/humble/share/rosidl_adapter/cmake)
[0.955s] -- Found rosidl_generator_cpp: 3.1.6 (/opt/ros/humble/share/rosidl_generator_cpp/cmake)
[0.975s] -- Using all available rosidl_typesupport_c: rosidl_typesupport_fastrtps_c;rosidl_typesupport_introspection_c
[0.999s] -- Using all available rosidl_typesupport_cpp: rosidl_typesupport_fastrtps_cpp;rosidl_typesupport_introspection_cpp
[1.064s] -- Found rmw_implementation_cmake: 6.1.2 (/opt/ros/humble/share/rmw_implementation_cmake/cmake)
[1.069s] -- Found rmw_fastrtps_cpp: 6.2.7 (/opt/ros/humble/share/rmw_fastrtps_cpp/cmake)
[1.184s] -- Found OpenSSL: /usr/lib/x86_64-linux-gnu/libcrypto.so (found version "3.0.2")  
[1.218s] -- Found FastRTPS: /opt/ros/humble/include  
[1.269s] -- Using RMW implementation 'rmw_fastrtps_cpp' as default
[1.283s] -- Looking for pthread.h
[1.372s] -- Looking for pthread.h - found
[1.372s] -- Performing Test CMAKE_HAVE_LIBC_PTHREAD
[1.457s] -- Performing Test CMAKE_HAVE_LIBC_PTHREAD - Success
[1.458s] -- Found Threads: TRUE  
[1.537s] -- Found geometry_msgs: 4.8.0 (/opt/ros/humble/share/geometry_msgs/cmake)
[1.558s] -- Found sensor_msgs: 4.8.0 (/opt/ros/humble/share/sensor_msgs/cmake)
[1.584s] -- Found ament_lint_auto: 0.12.12 (/opt/ros/humble/share/ament_lint_auto/cmake)
[1.649s] WARNING: Package name "Fla" does not follow the naming conventions. It should start with a lower case letter and only contain lower case letters, digits, underscores, and dashes.
[1.684s] -- Added test 'cppcheck' to perform static code analysis on C / C++ code
[1.684s] -- Configured cppcheck include dirs: $<BUILD_INTERFACE:/home/laelt/27_05_25.ws/src/Fla/include>
[1.684s] -- Configured cppcheck exclude dirs and/or files: 
[1.684s] -- Added test 'flake8' to check Python code syntax and style conventions
[1.685s] -- Added test 'lint_cmake' to check CMake code style
[1.686s] -- Added test 'pep257' to check Python code against some of the docstring style conventions in PEP 257
[1.687s] -- Added test 'uncrustify' to check C / C++ code style
[1.687s] -- Configured uncrustify additional arguments: 
[1.688s] -- Added test 'xmllint' to check XML markup files
[1.689s] -- Configuring done
[1.696s] -- Generating done
[1.699s] -- Build files have been written to: /home/laelt/27_05_25.ws/build/Fla
[1.710s] Invoked command in '/home/laelt/27_05_25.ws/build/Fla' returned '0': CMAKE_PREFIX_PATH=/opt/ros/humble /usr/bin/cmake /home/laelt/27_05_25.ws/src/Fla -DCMAKE_INSTALL_PREFIX=/home/laelt/27_05_25.ws/install/Fla
[1.711s] Invoking command in '/home/laelt/27_05_25.ws/build/Fla': CMAKE_PREFIX_PATH=/opt/ros/humble /usr/bin/cmake --build /home/laelt/27_05_25.ws/build/Fla -- -j4 -l4
[1.766s] [ 50%] [32mBuilding CXX object CMakeFiles/cefet.dir/src/cefet.cpp.o[0m
[1.807s] [100%] [32m[1mLinking CXX executable cefet[0m
[1.860s] [100%] Built target cefet
[1.873s] Invoked command in '/home/laelt/27_05_25.ws/build/Fla' returned '0': CMAKE_PREFIX_PATH=/opt/ros/humble /usr/bin/cmake --build /home/laelt/27_05_25.ws/build/Fla -- -j4 -l4
[1.885s] Invoking command in '/home/laelt/27_05_25.ws/build/Fla': CMAKE_PREFIX_PATH=/opt/ros/humble /usr/bin/cmake --install /home/laelt/27_05_25.ws/build/Fla
[1.894s] -- Install configuration: ""
[1.894s] -- Installing: /home/laelt/27_05_25.ws/install/Fla/share/Fla/launch
[1.894s] -- Installing: /home/laelt/27_05_25.ws/install/Fla/share/Fla/launch/__pycache__
[1.894s] -- Installing: /home/laelt/27_05_25.ws/install/Fla/share/Fla/launch/__pycache__/launch.cpython-310.pyc
[1.894s] -- Installing: /home/laelt/27_05_25.ws/install/Fla/share/Fla/launch/launch.py
[1.894s] -- Installing: /home/laelt/27_05_25.ws/install/Fla/share/Fla/Model
[1.894s] -- Installing: /home/laelt/27_05_25.ws/install/Fla/share/Fla/Model/building_robot.sdf
[1.895s] -- Installing: /home/laelt/27_05_25.ws/install/Fla/lib/Fla/cefet
[1.895s] -- Installing: /home/laelt/27_05_25.ws/install/Fla/share/ament_index/resource_index/package_run_dependencies/Fla
[1.895s] -- Installing: /home/laelt/27_05_25.ws/install/Fla/share/ament_index/resource_index/parent_prefix_path/Fla
[1.895s] -- Installing: /home/laelt/27_05_25.ws/install/Fla/share/Fla/environment/ament_prefix_path.sh
[1.895s] -- Installing: /home/laelt/27_05_25.ws/install/Fla/share/Fla/environment/ament_prefix_path.dsv
[1.896s] -- Installing: /home/laelt/27_05_25.ws/install/Fla/share/Fla/environment/path.sh
[1.896s] -- Installing: /home/laelt/27_05_25.ws/install/Fla/share/Fla/environment/path.dsv
[1.896s] -- Installing: /home/laelt/27_05_25.ws/install/Fla/share/Fla/local_setup.bash
[1.896s] -- Installing: /home/laelt/27_05_25.ws/install/Fla/share/Fla/local_setup.sh
[1.896s] -- Installing: /home/laelt/27_05_25.ws/install/Fla/share/Fla/local_setup.zsh
[1.896s] -- Installing: /home/laelt/27_05_25.ws/install/Fla/share/Fla/local_setup.dsv
[1.896s] -- Installing: /home/laelt/27_05_25.ws/install/Fla/share/Fla/package.dsv
[1.897s] -- Installing: /home/laelt/27_05_25.ws/install/Fla/share/ament_index/resource_index/packages/Fla
[1.897s] -- Installing: /home/laelt/27_05_25.ws/install/Fla/share/Fla/cmake/FlaConfig.cmake
[1.897s] -- Installing: /home/laelt/27_05_25.ws/install/Fla/share/Fla/cmake/FlaConfig-version.cmake
[1.897s] -- Installing: /home/laelt/27_05_25.ws/install/Fla/share/Fla/package.xml
[1.899s] Invoked command in '/home/laelt/27_05_25.ws/build/Fla' returned '0': CMAKE_PREFIX_PATH=/opt/ros/humble /usr/bin/cmake --install /home/laelt/27_05_25.ws/build/Fla
